# JRE version: OpenJDK Runtime Environment (17.0.6) (build 17.0.6+0-b2043.56-9586694)
# Java VM: OpenJDK 64-Bit Server VM (17.0.6+0-b2043.56-9586694, mixed mode, tiered, compressed oops, compressed class ptrs, g1 gc, windows-amd64)
GC Precious Log:
 CPUs: 8 total, 8 available
 Memory: 7894M
 Large Page Support: Disabled
 NUMA Support: Disabled
 Compressed Oops: Enabled (32-bit)
 Heap Region Size: 1M
 Heap Min Capacity: 8M
 Heap Initial Capacity: 124M
 Heap Max Capacity: 2G
 Pre-touch: Disabled
 Parallel Workers: 8
 Concurrent Workers: 2
 Concurrent Refinement Workers: 8
 Periodic GC: Disabled
Heap:
 garbage-first heap   total 393216K, used 211816K [0x0000000080000000, 0x0000000100000000)
  region size 1024K, 66 young (67584K), 20 survivors (20480K)
 Metaspace       used 103511K, committed 104192K, reserved 1146880K
  class space    used 14333K, committed 14656K, reserved 1048576K
GC Heap History (20 events):
Event: 6.406 GC heap before
{Heap before GC invocations=32 (full 0):
 garbage-first heap   total 130048K, used 104845K [0x0000000080000000, 0x0000000100000000)
  region size 1024K, 33 young (33792K), 4 survivors (4096K)
 Metaspace       used 84337K, committed 84928K, reserved 1122304K
  class space    used 11637K, committed 11904K, reserved 1048576K
}
Event: 6.409 GC heap after
{Heap after GC invocations=33 (full 0):
 garbage-first heap   total 156672K, used 77544K [0x0000000080000000, 0x0000000100000000)
  region size 1024K, 5 young (5120K), 5 survivors (5120K)
 Metaspace       used 84337K, committed 84928K, reserved 1122304K
  class space    used 11637K, committed 11904K, reserved 1048576K
}
Event: 6.884 GC heap before
{Heap before GC invocations=34 (full 0):
 garbage-first heap   total 156672K, used 124648K [0x0000000080000000, 0x0000000100000000)
  region size 1024K, 52 young (53248K), 5 survivors (5120K)
 Metaspace       used 89849K, committed 90496K, reserved 1130496K
  class space    used 12307K, committed 12608K, reserved 1048576K
}
Event: 6.889 GC heap after
{Heap after GC invocations=35 (full 0):
 garbage-first heap   total 156672K, used 79956K [0x0000000080000000, 0x0000000100000000)
  region size 1024K, 5 young (5120K), 5 survivors (5120K)
 Metaspace       used 89849K, committed 90496K, reserved 1130496K
  class space    used 12307K, committed 12608K, reserved 1048576K
}
Event: 7.212 GC heap before
{Heap before GC invocations=35 (full 0):
 garbage-first heap   total 156672K, used 126036K [0x0000000080000000, 0x0000000100000000)
  region size 1024K, 51 young (52224K), 5 survivors (5120K)
 Metaspace       used 93066K, committed 93696K, reserved 1130496K
  class space    used 12740K, committed 13056K, reserved 1048576K
}
Event: 7.218 GC heap after
{Heap after GC invocations=36 (full 0):
 garbage-first heap   total 156672K, used 84683K [0x0000000080000000, 0x0000000100000000)
  region size 1024K, 7 young (7168K), 7 survivors (7168K)
 Metaspace       used 93066K, committed 93696K, reserved 1130496K
  class space    used 12740K, committed 13056K, reserved 1048576K
}
Event: 7.458 GC heap before
{Heap before GC invocations=37 (full 0):
 garbage-first heap   total 163840K, used 130763K [0x0000000080000000, 0x0000000100000000)
  region size 1024K, 49 young (50176K), 7 survivors (7168K)
 Metaspace       used 94234K, committed 94912K, reserved 1130496K
  class space    used 12866K, committed 13184K, reserved 1048576K
}
Event: 7.466 GC heap after
{Heap after GC invocations=38 (full 0):
 garbage-first heap   total 163840K, used 92593K [0x0000000080000000, 0x0000000100000000)
  region size 1024K, 4 young (4096K), 4 survivors (4096K)
 Metaspace       used 94234K, committed 94912K, reserved 1130496K
  class space    used 12866K, committed 13184K, reserved 1048576K
}
Event: 7.505 GC heap before
{Heap before GC invocations=38 (full 0):
 garbage-first heap   total 163840K, used 97713K [0x0000000080000000, 0x0000000100000000)
  region size 1024K, 8 young (8192K), 4 survivors (4096K)
 Metaspace       used 94276K, committed 94976K, reserved 1130496K
  class space    used 12867K, committed 13184K, reserved 1048576K
}
Event: 7.510 GC heap after
{Heap after GC invocations=39 (full 0):
 garbage-first heap   total 163840K, used 96252K [0x0000000080000000, 0x0000000100000000)
  region size 1024K, 1 young (1024K), 1 survivors (1024K)
 Metaspace       used 94276K, committed 94976K, reserved 1130496K
  class space    used 12867K, committed 13184K, reserved 1048576K
}
Event: 7.512 GC heap before
{Heap before GC invocations=39 (full 0):
 garbage-first heap   total 163840K, used 96252K [0x0000000080000000, 0x0000000100000000)
  region size 1024K, 2 young (2048K), 1 survivors (1024K)
 Metaspace       used 94276K, committed 94976K, reserved 1130496K
  class space    used 12867K, committed 13184K, reserved 1048576K
}
Event: 7.513 GC heap after
{Heap after GC invocations=40 (full 0):
 garbage-first heap   total 163840K, used 95941K [0x0000000080000000, 0x0000000100000000)
  region size 1024K, 1 young (1024K), 1 survivors (1024K)
 Metaspace       used 94276K, committed 94976K, reserved 1130496K
  class space    used 12867K, committed 13184K, reserved 1048576K
}
Event: 7.679 GC heap before
{Heap before GC invocations=41 (full 0):
 garbage-first heap   total 196608K, used 139973K [0x0000000080000000, 0x0000000100000000)
  region size 1024K, 40 young (40960K), 1 survivors (1024K)
 Metaspace       used 95899K, committed 96576K, reserved 1138688K
  class space    used 13097K, committed 13440K, reserved 1048576K
}
Event: 7.684 GC heap after
{Heap after GC invocations=42 (full 0):
 garbage-first heap   total 196608K, used 105422K [0x0000000080000000, 0x0000000100000000)
  region size 1024K, 5 young (5120K), 5 survivors (5120K)
 Metaspace       used 95899K, committed 96576K, reserved 1138688K
  class space    used 13097K, committed 13440K, reserved 1048576K
}
Event: 7.693 GC heap before
{Heap before GC invocations=42 (full 0):
 garbage-first heap   total 196608K, used 108494K [0x0000000080000000, 0x0000000100000000)
  region size 1024K, 9 young (9216K), 5 survivors (5120K)
 Metaspace       used 95993K, committed 96640K, reserved 1138688K
  class space    used 13113K, committed 13440K, reserved 1048576K
}
Event: 7.695 GC heap after
{Heap after GC invocations=43 (full 0):
 garbage-first heap   total 196608K, used 105339K [0x0000000080000000, 0x0000000100000000)
  region size 1024K, 1 young (1024K), 1 survivors (1024K)
 Metaspace       used 95993K, committed 96640K, reserved 1138688K
  class space    used 13113K, committed 13440K, reserved 1048576K
}
Event: 7.760 GC heap before
{Heap before GC invocations=43 (full 0):
 garbage-first heap   total 196608K, used 125819K [0x0000000080000000, 0x0000000100000000)
  region size 1024K, 23 young (23552K), 1 survivors (1024K)
 Metaspace       used 97408K, committed 98112K, reserved 1138688K
  class space    used 13287K, committed 13632K, reserved 1048576K
}
Event: 7.763 GC heap after
{Heap after GC invocations=44 (full 0):
 garbage-first heap   total 393216K, used 107968K [0x0000000080000000, 0x0000000100000000)
  region size 1024K, 4 young (4096K), 4 survivors (4096K)
 Metaspace       used 97408K, committed 98112K, reserved 1138688K
  class space    used 13287K, committed 13632K, reserved 1048576K
}
Event: 8.399 GC heap before
{Heap before GC invocations=44 (full 0):
 garbage-first heap   total 393216K, used 295360K [0x0000000080000000, 0x0000000100000000)
  region size 1024K, 156 young (159744K), 4 survivors (4096K)
 Metaspace       used 101936K, committed 102592K, reserved 1138688K
  class space    used 14097K, committed 14400K, reserved 1048576K
}
Event: 8.446 GC heap after
{Heap after GC invocations=45 (full 0):
 garbage-first heap   total 393216K, used 166760K [0x0000000080000000, 0x0000000100000000)
  region size 1024K, 20 young (20480K), 20 survivors (20480K)
 Metaspace       used 101936K, committed 102592K, reserved 1138688K
  class space    used 14097K, committed 14400K, reserved 1048576K
}

