# JRE version: OpenJDK Runtime Environment (17.0.6) (build 17.0.6+0-b2043.56-9586694)
# Java VM: OpenJDK 64-Bit Server VM (17.0.6+0-b2043.56-9586694, mixed mode, tiered, compressed oops, compressed class ptrs, g1 gc, windows-amd64)
GC Precious Log:
 CPUs: 8 total, 8 available
 Memory: 7894M
 Large Page Support: Disabled
 NUMA Support: Disabled
 Compressed Oops: Enabled (32-bit)
 Heap Region Size: 1M
 Heap Min Capacity: 8M
 Heap Initial Capacity: 124M
 Heap Max Capacity: 2G
 Pre-touch: Disabled
 Parallel Workers: 8
 Concurrent Workers: 2
 Concurrent Refinement Workers: 8
 Periodic GC: Disabled
Heap:
 garbage-first heap   total 394240K, used 256907K [0x0000000080000000, 0x0000000100000000)
  region size 1024K, 3 young (3072K), 3 survivors (3072K)
 Metaspace       used 128604K, committed 129600K, reserved 1163264K
  class space    used 16997K, committed 17472K, reserved 1048576K
GC Heap History (20 events):
Event: 41.147 GC heap after
{Heap after GC invocations=51 (full 0):
 garbage-first heap   total 342016K, used 205285K [0x0000000080000000, 0x0000000100000000)
  region size 1024K, 8 young (8192K), 8 survivors (8192K)
 Metaspace       used 111529K, committed 112512K, reserved 1146880K
  class space    used 14978K, committed 15488K, reserved 1048576K
}
Event: 41.874 GC heap before
{Heap before GC invocations=52 (full 0):
 garbage-first heap   total 363520K, used 303589K [0x0000000080000000, 0x0000000100000000)
  region size 1024K, 79 young (80896K), 8 survivors (8192K)
 Metaspace       used 112483K, committed 113472K, reserved 1155072K
  class space    used 15051K, committed 15552K, reserved 1048576K
}
Event: 41.883 GC heap after
{Heap after GC invocations=53 (full 0):
 garbage-first heap   total 363520K, used 222042K [0x0000000080000000, 0x0000000100000000)
  region size 1024K, 10 young (10240K), 10 survivors (10240K)
 Metaspace       used 112483K, committed 113472K, reserved 1155072K
  class space    used 15051K, committed 15552K, reserved 1048576K
}
Event: 41.894 GC heap before
{Heap before GC invocations=53 (full 0):
 garbage-first heap   total 363520K, used 228186K [0x0000000080000000, 0x0000000100000000)
  region size 1024K, 17 young (17408K), 10 survivors (10240K)
 Metaspace       used 112492K, committed 113472K, reserved 1155072K
  class space    used 15052K, committed 15552K, reserved 1048576K
}
Event: 41.901 GC heap after
{Heap after GC invocations=54 (full 0):
 garbage-first heap   total 363520K, used 222157K [0x0000000080000000, 0x0000000100000000)
  region size 1024K, 3 young (3072K), 3 survivors (3072K)
 Metaspace       used 112492K, committed 113472K, reserved 1155072K
  class space    used 15052K, committed 15552K, reserved 1048576K
}
Event: 42.103 GC heap before
{Heap before GC invocations=54 (full 0):
 garbage-first heap   total 363520K, used 291789K [0x0000000080000000, 0x0000000100000000)
  region size 1024K, 71 young (72704K), 3 survivors (3072K)
 Metaspace       used 115635K, committed 116672K, reserved 1155072K
  class space    used 15309K, committed 15808K, reserved 1048576K
}
Event: 42.108 GC heap after
{Heap after GC invocations=55 (full 0):
 garbage-first heap   total 363520K, used 227130K [0x0000000080000000, 0x0000000100000000)
  region size 1024K, 8 young (8192K), 8 survivors (8192K)
 Metaspace       used 115635K, committed 116672K, reserved 1155072K
  class space    used 15309K, committed 15808K, reserved 1048576K
}
Event: 42.416 GC heap before
{Heap before GC invocations=56 (full 0):
 garbage-first heap   total 393216K, used 281402K [0x0000000080000000, 0x0000000100000000)
  region size 1024K, 75 young (76800K), 8 survivors (8192K)
 Metaspace       used 117647K, committed 118656K, reserved 1155072K
  class space    used 15526K, committed 16000K, reserved 1048576K
}
Event: 42.419 GC heap after
{Heap after GC invocations=57 (full 0):
 garbage-first heap   total 393216K, used 209814K [0x0000000080000000, 0x0000000100000000)
  region size 1024K, 2 young (2048K), 2 survivors (2048K)
 Metaspace       used 117647K, committed 118656K, reserved 1155072K
  class space    used 15526K, committed 16000K, reserved 1048576K
}
Event: 42.596 GC heap before
{Heap before GC invocations=57 (full 0):
 garbage-first heap   total 393216K, used 226198K [0x0000000080000000, 0x0000000100000000)
  region size 1024K, 19 young (19456K), 2 survivors (2048K)
 Metaspace       used 119110K, committed 120064K, reserved 1155072K
  class space    used 15730K, committed 16192K, reserved 1048576K
}
Event: 42.598 GC heap after
{Heap after GC invocations=58 (full 0):
 garbage-first heap   total 393216K, used 205106K [0x0000000080000000, 0x0000000100000000)
  region size 1024K, 2 young (2048K), 2 survivors (2048K)
 Metaspace       used 119110K, committed 120064K, reserved 1155072K
  class space    used 15730K, committed 16192K, reserved 1048576K
}
Event: 43.427 GC heap before
{Heap before GC invocations=58 (full 0):
 garbage-first heap   total 393216K, used 317746K [0x0000000080000000, 0x0000000100000000)
  region size 1024K, 113 young (115712K), 2 survivors (2048K)
 Metaspace       used 124297K, committed 125248K, reserved 1163264K
  class space    used 16403K, committed 16832K, reserved 1048576K
}
Event: 43.435 GC heap after
{Heap after GC invocations=59 (full 0):
 garbage-first heap   total 393216K, used 213704K [0x0000000080000000, 0x0000000100000000)
  region size 1024K, 10 young (10240K), 10 survivors (10240K)
 Metaspace       used 124297K, committed 125248K, reserved 1163264K
  class space    used 16403K, committed 16832K, reserved 1048576K
}
Event: 43.592 GC heap before
{Heap before GC invocations=59 (full 0):
 garbage-first heap   total 393216K, used 236232K [0x0000000080000000, 0x0000000100000000)
  region size 1024K, 33 young (33792K), 10 survivors (10240K)
 Metaspace       used 124858K, committed 125824K, reserved 1163264K
  class space    used 16458K, committed 16896K, reserved 1048576K
}
Event: 43.600 GC heap after
{Heap after GC invocations=60 (full 0):
 garbage-first heap   total 393216K, used 216325K [0x0000000080000000, 0x0000000100000000)
  region size 1024K, 3 young (3072K), 3 survivors (3072K)
 Metaspace       used 124858K, committed 125824K, reserved 1163264K
  class space    used 16458K, committed 16896K, reserved 1048576K
}
Event: 44.067 GC heap before
{Heap before GC invocations=61 (full 0):
 garbage-first heap   total 394240K, used 359685K [0x0000000080000000, 0x0000000100000000)
  region size 1024K, 105 young (107520K), 3 survivors (3072K)
 Metaspace       used 128574K, committed 129472K, reserved 1163264K
  class space    used 16991K, committed 17408K, reserved 1048576K
}
Event: 44.077 GC heap after
{Heap after GC invocations=62 (full 0):
 garbage-first heap   total 394240K, used 259608K [0x0000000080000000, 0x0000000100000000)
  region size 1024K, 14 young (14336K), 14 survivors (14336K)
 Metaspace       used 128574K, committed 129472K, reserved 1163264K
  class space    used 16991K, committed 17408K, reserved 1048576K
}
Event: 44.115 GC heap before
{Heap before GC invocations=62 (full 0):
 garbage-first heap   total 394240K, used 266776K [0x0000000080000000, 0x0000000100000000)
  region size 1024K, 19 young (19456K), 14 survivors (14336K)
 Metaspace       used 128604K, committed 129600K, reserved 1163264K
  class space    used 16997K, committed 17472K, reserved 1048576K
}
Event: 44.124 GC heap after
{Heap after GC invocations=63 (full 0):
 garbage-first heap   total 394240K, used 256540K [0x0000000080000000, 0x0000000100000000)
  region size 1024K, 3 young (3072K), 3 survivors (3072K)
 Metaspace       used 128604K, committed 129600K, reserved 1163264K
  class space    used 16997K, committed 17472K, reserved 1048576K
}
Event: 44.140 GC heap before
{Heap before GC invocations=63 (full 0):
 garbage-first heap   total 394240K, used 258588K [0x0000000080000000, 0x0000000100000000)
  region size 1024K, 6 young (6144K), 3 survivors (3072K)
 Metaspace       used 128604K, committed 129600K, reserved 1163264K
  class space    used 16997K, committed 17472K, reserved 1048576K
}

