# JRE version: OpenJDK Runtime Environment (17.0.6) (build 17.0.6+0-b2043.56-9586694)
# Java VM: OpenJDK 64-Bit Server VM (17.0.6+0-b2043.56-9586694, mixed mode, tiered, compressed oops, compressed class ptrs, g1 gc, windows-amd64)
GC Precious Log:
 CPUs: 8 total, 8 available
 Memory: 7894M
 Large Page Support: Disabled
 NUMA Support: Disabled
 Compressed Oops: Enabled (32-bit)
 Heap Region Size: 1M
 Heap Min Capacity: 8M
 Heap Initial Capacity: 124M
 Heap Max Capacity: 2G
 Pre-touch: Disabled
 Parallel Workers: 8
 Concurrent Workers: 2
 Concurrent Refinement Workers: 8
 Periodic GC: Disabled
Heap:
 garbage-first heap   total 199680K, used 115712K [0x0000000080000000, 0x0000000100000000)
  region size 1024K, 7 young (7168K), 7 survivors (7168K)
 Metaspace       used 101740K, committed 102400K, reserved 1138688K
  class space    used 14075K, committed 14400K, reserved 1048576K
GC Heap History (20 events):
Event: 6.490 GC heap after
{Heap after GC invocations=19 (full 0):
 garbage-first heap   total 157696K, used 58076K [0x0000000080000000, 0x0000000100000000)
  region size 1024K, 6 young (6144K), 6 survivors (6144K)
 Metaspace       used 73506K, committed 74112K, reserved 1114112K
  class space    used 9961K, committed 10240K, reserved 1048576K
}
Event: 7.306 GC heap before
{Heap before GC invocations=19 (full 0):
 garbage-first heap   total 157696K, used 123612K [0x0000000080000000, 0x0000000100000000)
  region size 1024K, 70 young (71680K), 6 survivors (6144K)
 Metaspace       used 80870K, committed 81472K, reserved 1122304K
  class space    used 11028K, committed 11328K, reserved 1048576K
}
Event: 7.312 GC heap after
{Heap after GC invocations=20 (full 0):
 garbage-first heap   total 157696K, used 63719K [0x0000000080000000, 0x0000000100000000)
  region size 1024K, 6 young (6144K), 6 survivors (6144K)
 Metaspace       used 80870K, committed 81472K, reserved 1122304K
  class space    used 11028K, committed 11328K, reserved 1048576K
}
Event: 7.791 GC heap before
{Heap before GC invocations=20 (full 0):
 garbage-first heap   total 157696K, used 126183K [0x0000000080000000, 0x0000000100000000)
  region size 1024K, 67 young (68608K), 6 survivors (6144K)
 Metaspace       used 83319K, committed 83968K, reserved 1122304K
  class space    used 11468K, committed 11776K, reserved 1048576K
}
Event: 7.799 GC heap after
{Heap after GC invocations=21 (full 0):
 garbage-first heap   total 157696K, used 72329K [0x0000000080000000, 0x0000000100000000)
  region size 1024K, 9 young (9216K), 9 survivors (9216K)
 Metaspace       used 83319K, committed 83968K, reserved 1122304K
  class space    used 11468K, committed 11776K, reserved 1048576K
}
Event: 8.136 GC heap before
{Heap before GC invocations=21 (full 0):
 garbage-first heap   total 157696K, used 123529K [0x0000000080000000, 0x0000000100000000)
  region size 1024K, 60 young (61440K), 9 survivors (9216K)
 Metaspace       used 84332K, committed 84928K, reserved 1122304K
  class space    used 11647K, committed 11904K, reserved 1048576K
}
Event: 8.144 GC heap after
{Heap after GC invocations=22 (full 0):
 garbage-first heap   total 157696K, used 77441K [0x0000000080000000, 0x0000000100000000)
  region size 1024K, 5 young (5120K), 5 survivors (5120K)
 Metaspace       used 84332K, committed 84928K, reserved 1122304K
  class space    used 11647K, committed 11904K, reserved 1048576K
}
Event: 8.692 GC heap before
{Heap before GC invocations=22 (full 0):
 garbage-first heap   total 157696K, used 125569K [0x0000000080000000, 0x0000000100000000)
  region size 1024K, 53 young (54272K), 5 survivors (5120K)
 Metaspace       used 89524K, committed 90176K, reserved 1130496K
  class space    used 12271K, committed 12608K, reserved 1048576K
}
Event: 8.697 GC heap after
{Heap after GC invocations=23 (full 0):
 garbage-first heap   total 189440K, used 79895K [0x0000000080000000, 0x0000000100000000)
  region size 1024K, 3 young (3072K), 3 survivors (3072K)
 Metaspace       used 89524K, committed 90176K, reserved 1130496K
  class space    used 12271K, committed 12608K, reserved 1048576K
}
Event: 9.205 GC heap before
{Heap before GC invocations=24 (full 0):
 garbage-first heap   total 189440K, used 150551K [0x0000000080000000, 0x0000000100000000)
  region size 1024K, 73 young (74752K), 3 survivors (3072K)
 Metaspace       used 93446K, committed 94144K, reserved 1130496K
  class space    used 12813K, committed 13120K, reserved 1048576K
}
Event: 9.211 GC heap after
{Heap after GC invocations=25 (full 0):
 garbage-first heap   total 189440K, used 86674K [0x0000000080000000, 0x0000000100000000)
  region size 1024K, 10 young (10240K), 10 survivors (10240K)
 Metaspace       used 93446K, committed 94144K, reserved 1130496K
  class space    used 12813K, committed 13120K, reserved 1048576K
}
Event: 9.213 GC heap before
{Heap before GC invocations=25 (full 0):
 garbage-first heap   total 189440K, used 87698K [0x0000000080000000, 0x0000000100000000)
  region size 1024K, 11 young (11264K), 10 survivors (10240K)
 Metaspace       used 93451K, committed 94144K, reserved 1130496K
  class space    used 12813K, committed 13120K, reserved 1048576K
}
Event: 9.220 GC heap after
{Heap after GC invocations=26 (full 0):
 garbage-first heap   total 189440K, used 86920K [0x0000000080000000, 0x0000000100000000)
  region size 1024K, 1 young (1024K), 1 survivors (1024K)
 Metaspace       used 93451K, committed 94144K, reserved 1130496K
  class space    used 12813K, committed 13120K, reserved 1048576K
}
Event: 9.521 GC heap before
{Heap before GC invocations=26 (full 0):
 garbage-first heap   total 189440K, used 151432K [0x0000000080000000, 0x0000000100000000)
  region size 1024K, 65 young (66560K), 1 survivors (1024K)
 Metaspace       used 97642K, committed 98304K, reserved 1138688K
  class space    used 13433K, committed 13760K, reserved 1048576K
}
Event: 9.527 GC heap after
{Heap after GC invocations=27 (full 0):
 garbage-first heap   total 189440K, used 96428K [0x0000000080000000, 0x0000000100000000)
  region size 1024K, 9 young (9216K), 9 survivors (9216K)
 Metaspace       used 97642K, committed 98304K, reserved 1138688K
  class space    used 13433K, committed 13760K, reserved 1048576K
}
Event: 9.758 GC heap before
{Heap before GC invocations=28 (full 0):
 garbage-first heap   total 199680K, used 150700K [0x0000000080000000, 0x0000000100000000)
  region size 1024K, 63 young (64512K), 9 survivors (9216K)
 Metaspace       used 100428K, committed 101120K, reserved 1138688K
  class space    used 13875K, committed 14208K, reserved 1048576K
}
Event: 9.771 GC heap after
{Heap after GC invocations=29 (full 0):
 garbage-first heap   total 199680K, used 106188K [0x0000000080000000, 0x0000000100000000)
  region size 1024K, 8 young (8192K), 8 survivors (8192K)
 Metaspace       used 100428K, committed 101120K, reserved 1138688K
  class space    used 13875K, committed 14208K, reserved 1048576K
}
Event: 9.774 GC heap before
{Heap before GC invocations=29 (full 0):
 garbage-first heap   total 199680K, used 107212K [0x0000000080000000, 0x0000000100000000)
  region size 1024K, 9 young (9216K), 8 survivors (8192K)
 Metaspace       used 100459K, committed 101120K, reserved 1138688K
  class space    used 13880K, committed 14208K, reserved 1048576K
}
Event: 9.781 GC heap after
{Heap after GC invocations=30 (full 0):
 garbage-first heap   total 199680K, used 107782K [0x0000000080000000, 0x0000000100000000)
  region size 1024K, 2 young (2048K), 2 survivors (2048K)
 Metaspace       used 100459K, committed 101120K, reserved 1138688K
  class space    used 13880K, committed 14208K, reserved 1048576K
}
Event: 9.878 GC heap before
{Heap before GC invocations=30 (full 0):
 garbage-first heap   total 199680K, used 158982K [0x0000000080000000, 0x0000000100000000)
  region size 1024K, 52 young (53248K), 2 survivors (2048K)
 Metaspace       used 101740K, committed 102400K, reserved 1138688K
  class space    used 14075K, committed 14400K, reserved 1048576K
}

