# JRE version: OpenJDK Runtime Environment (17.0.6) (build 17.0.6+0-b2043.56-9586694)
# Java VM: OpenJDK 64-Bit Server VM (17.0.6+0-b2043.56-9586694, mixed mode, tiered, compressed oops, compressed class ptrs, g1 gc, windows-amd64)
GC Precious Log:
 CPUs: 8 total, 8 available
 Memory: 7894M
 Large Page Support: Disabled
 NUMA Support: Disabled
 Compressed Oops: Enabled (32-bit)
 Heap Region Size: 1M
 Heap Min Capacity: 8M
 Heap Initial Capacity: 124M
 Heap Max Capacity: 2G
 Pre-touch: Disabled
 Parallel Workers: 8
 Concurrent Workers: 2
 Concurrent Refinement Workers: 8
 Periodic GC: Disabled
Heap:
 garbage-first heap   total 295936K, used 162070K [0x0000000080000000, 0x0000000100000000)
  region size 1024K, 6 young (6144K), 6 survivors (6144K)
 Metaspace       used 117952K, committed 118720K, reserved 1155072K
  class space    used 16193K, committed 16576K, reserved 1048576K
GC Heap History (20 events):
Event: 14.058 GC heap after
{Heap after GC invocations=37 (full 0):
 garbage-first heap   total 288768K, used 77818K [0x0000000080000000, 0x0000000100000000)
  region size 1024K, 4 young (4096K), 4 survivors (4096K)
 Metaspace       used 86546K, committed 87168K, reserved 1130496K
  class space    used 11798K, committed 12096K, reserved 1048576K
}
Event: 15.283 GC heap before
{Heap before GC invocations=37 (full 0):
 garbage-first heap   total 288768K, used 220154K [0x0000000080000000, 0x0000000100000000)
  region size 1024K, 133 young (136192K), 4 survivors (4096K)
 Metaspace       used 90956K, committed 91648K, reserved 1130496K
  class space    used 12350K, committed 12672K, reserved 1048576K
}
Event: 15.299 GC heap after
{Heap after GC invocations=38 (full 0):
 garbage-first heap   total 288768K, used 103814K [0x0000000080000000, 0x0000000100000000)
  region size 1024K, 17 young (17408K), 17 survivors (17408K)
 Metaspace       used 90956K, committed 91648K, reserved 1130496K
  class space    used 12350K, committed 12672K, reserved 1048576K
}
Event: 16.143 GC heap before
{Heap before GC invocations=38 (full 0):
 garbage-first heap   total 288768K, used 219526K [0x0000000080000000, 0x0000000100000000)
  region size 1024K, 116 young (118784K), 17 survivors (17408K)
 Metaspace       used 95270K, committed 96000K, reserved 1138688K
  class space    used 12725K, committed 13056K, reserved 1048576K
}
Event: 16.159 GC heap after
{Heap after GC invocations=39 (full 0):
 garbage-first heap   total 288768K, used 115363K [0x0000000080000000, 0x0000000100000000)
  region size 1024K, 11 young (11264K), 11 survivors (11264K)
 Metaspace       used 95270K, committed 96000K, reserved 1138688K
  class space    used 12725K, committed 13056K, reserved 1048576K
}
Event: 16.626 GC heap before
{Heap before GC invocations=39 (full 0):
 garbage-first heap   total 288768K, used 211619K [0x0000000080000000, 0x0000000100000000)
  region size 1024K, 106 young (108544K), 11 survivors (11264K)
 Metaspace       used 97934K, committed 98624K, reserved 1138688K
  class space    used 13029K, committed 13376K, reserved 1048576K
}
Event: 16.631 GC heap after
{Heap after GC invocations=40 (full 0):
 garbage-first heap   total 288768K, used 110847K [0x0000000080000000, 0x0000000100000000)
  region size 1024K, 3 young (3072K), 3 survivors (3072K)
 Metaspace       used 97934K, committed 98624K, reserved 1138688K
  class space    used 13029K, committed 13376K, reserved 1048576K
}
Event: 17.439 GC heap before
{Heap before GC invocations=40 (full 0):
 garbage-first heap   total 288768K, used 220415K [0x0000000080000000, 0x0000000100000000)
  region size 1024K, 111 young (113664K), 3 survivors (3072K)
 Metaspace       used 103923K, committed 104576K, reserved 1146880K
  class space    used 13831K, committed 14144K, reserved 1048576K
}
Event: 17.447 GC heap after
{Heap after GC invocations=41 (full 0):
 garbage-first heap   total 288768K, used 119808K [0x0000000080000000, 0x0000000100000000)
  region size 1024K, 11 young (11264K), 11 survivors (11264K)
 Metaspace       used 103923K, committed 104576K, reserved 1146880K
  class space    used 13831K, committed 14144K, reserved 1048576K
}
Event: 17.782 GC heap before
{Heap before GC invocations=41 (full 0):
 garbage-first heap   total 288768K, used 224256K [0x0000000080000000, 0x0000000100000000)
  region size 1024K, 114 young (116736K), 11 survivors (11264K)
 Metaspace       used 108126K, committed 108864K, reserved 1146880K
  class space    used 14470K, committed 14848K, reserved 1048576K
}
Event: 17.794 GC heap after
{Heap after GC invocations=42 (full 0):
 garbage-first heap   total 288768K, used 133676K [0x0000000080000000, 0x0000000100000000)
  region size 1024K, 14 young (14336K), 14 survivors (14336K)
 Metaspace       used 108126K, committed 108864K, reserved 1146880K
  class space    used 14470K, committed 14848K, reserved 1048576K
}
Event: 18.112 GC heap before
{Heap before GC invocations=42 (full 0):
 garbage-first heap   total 288768K, used 227884K [0x0000000080000000, 0x0000000100000000)
  region size 1024K, 105 young (107520K), 14 survivors (14336K)
 Metaspace       used 110947K, committed 111680K, reserved 1146880K
  class space    used 14934K, committed 15296K, reserved 1048576K
}
Event: 18.128 GC heap after
{Heap after GC invocations=43 (full 0):
 garbage-first heap   total 288768K, used 144998K [0x0000000080000000, 0x0000000100000000)
  region size 1024K, 14 young (14336K), 14 survivors (14336K)
 Metaspace       used 110947K, committed 111680K, reserved 1146880K
  class space    used 14934K, committed 15296K, reserved 1048576K
}
Event: 18.420 GC heap before
{Heap before GC invocations=44 (full 0):
 garbage-first heap   total 295936K, used 217702K [0x0000000080000000, 0x0000000100000000)
  region size 1024K, 94 young (96256K), 14 survivors (14336K)
 Metaspace       used 113217K, committed 113984K, reserved 1155072K
  class space    used 15337K, committed 15744K, reserved 1048576K
}
Event: 18.437 GC heap after
{Heap after GC invocations=45 (full 0):
 garbage-first heap   total 295936K, used 149504K [0x0000000080000000, 0x0000000100000000)
  region size 1024K, 12 young (12288K), 12 survivors (12288K)
 Metaspace       used 113217K, committed 113984K, reserved 1155072K
  class space    used 15337K, committed 15744K, reserved 1048576K
}
Event: 18.451 GC heap before
{Heap before GC invocations=45 (full 0):
 garbage-first heap   total 295936K, used 151552K [0x0000000080000000, 0x0000000100000000)
  region size 1024K, 14 young (14336K), 12 survivors (12288K)
 Metaspace       used 113217K, committed 113984K, reserved 1155072K
  class space    used 15337K, committed 15744K, reserved 1048576K
}
Event: 18.462 GC heap after
{Heap after GC invocations=46 (full 0):
 garbage-first heap   total 295936K, used 142219K [0x0000000080000000, 0x0000000100000000)
  region size 1024K, 2 young (2048K), 2 survivors (2048K)
 Metaspace       used 113217K, committed 113984K, reserved 1155072K
  class space    used 15337K, committed 15744K, reserved 1048576K
}
Event: 18.576 GC heap before
{Heap before GC invocations=46 (full 0):
 garbage-first heap   total 295936K, used 232331K [0x0000000080000000, 0x0000000100000000)
  region size 1024K, 90 young (92160K), 2 survivors (2048K)
 Metaspace       used 114056K, committed 114816K, reserved 1155072K
  class space    used 15478K, committed 15872K, reserved 1048576K
}
Event: 18.587 GC heap after
{Heap after GC invocations=47 (full 0):
 garbage-first heap   total 295936K, used 155957K [0x0000000080000000, 0x0000000100000000)
  region size 1024K, 12 young (12288K), 12 survivors (12288K)
 Metaspace       used 114056K, committed 114816K, reserved 1155072K
  class space    used 15478K, committed 15872K, reserved 1048576K
}
Event: 18.931 GC heap before
{Heap before GC invocations=47 (full 0):
 garbage-first heap   total 295936K, used 234805K [0x0000000080000000, 0x0000000100000000)
  region size 1024K, 89 young (91136K), 12 survivors (12288K)
 Metaspace       used 117952K, committed 118720K, reserved 1155072K
  class space    used 16193K, committed 16576K, reserved 1048576K
}

