# JRE version: OpenJDK Runtime Environment (17.0.6) (build 17.0.6+0-b2043.56-9586694)
# Java VM: OpenJDK 64-Bit Server VM (17.0.6+0-b2043.56-9586694, mixed mode, tiered, compressed oops, compressed class ptrs, g1 gc, windows-amd64)
GC Precious Log:
 CPUs: 8 total, 8 available
 Memory: 7894M
 Large Page Support: Disabled
 NUMA Support: Disabled
 Compressed Oops: Enabled (32-bit)
 Heap Region Size: 1M
 Heap Min Capacity: 8M
 Heap Initial Capacity: 124M
 Heap Max Capacity: 2G
 Pre-touch: Disabled
 Parallel Workers: 8
 Concurrent Workers: 2
 Concurrent Refinement Workers: 8
 Periodic GC: Disabled
Heap:
 garbage-first heap   total 252928K, used 119770K [0x0000000080000000, 0x0000000100000000)
  region size 1024K, 2 young (2048K), 2 survivors (2048K)
 Metaspace       used 108038K, committed 108736K, reserved 1146880K
  class space    used 14499K, committed 14848K, reserved 1048576K
GC Heap History (20 events):
Event: 8.221 GC heap after
{Heap after GC invocations=37 (full 0):
 garbage-first heap   total 148480K, used 77302K [0x0000000080000000, 0x0000000100000000)
  region size 1024K, 1 young (1024K), 1 survivors (1024K)
 Metaspace       used 86751K, committed 87424K, reserved 1130496K
  class space    used 11917K, committed 12224K, reserved 1048576K
}
Event: 8.956 GC heap before
{Heap before GC invocations=37 (full 0):
 garbage-first heap   total 148480K, used 116214K [0x0000000080000000, 0x0000000100000000)
  region size 1024K, 41 young (41984K), 1 survivors (1024K)
 Metaspace       used 89600K, committed 90368K, reserved 1130496K
  class space    used 12234K, committed 12608K, reserved 1048576K
}
Event: 8.961 GC heap after
{Heap after GC invocations=38 (full 0):
 garbage-first heap   total 252928K, used 85911K [0x0000000080000000, 0x0000000100000000)
  region size 1024K, 6 young (6144K), 6 survivors (6144K)
 Metaspace       used 89600K, committed 90368K, reserved 1130496K
  class space    used 12234K, committed 12608K, reserved 1048576K
}
Event: 10.124 GC heap before
{Heap before GC invocations=39 (full 0):
 garbage-first heap   total 252928K, used 222103K [0x0000000080000000, 0x0000000100000000)
  region size 1024K, 114 young (116736K), 6 survivors (6144K)
 Metaspace       used 93599K, committed 94272K, reserved 1130496K
  class space    used 12577K, committed 12864K, reserved 1048576K
}
Event: 10.136 GC heap after
{Heap after GC invocations=40 (full 0):
 garbage-first heap   total 252928K, used 103266K [0x0000000080000000, 0x0000000100000000)
  region size 1024K, 15 young (15360K), 15 survivors (15360K)
 Metaspace       used 93599K, committed 94272K, reserved 1130496K
  class space    used 12577K, committed 12864K, reserved 1048576K
}
Event: 10.146 GC heap before
{Heap before GC invocations=40 (full 0):
 garbage-first heap   total 252928K, used 104290K [0x0000000080000000, 0x0000000100000000)
  region size 1024K, 16 young (16384K), 15 survivors (15360K)
 Metaspace       used 93709K, committed 94400K, reserved 1130496K
  class space    used 12588K, committed 12928K, reserved 1048576K
}
Event: 10.154 GC heap after
{Heap after GC invocations=41 (full 0):
 garbage-first heap   total 252928K, used 105248K [0x0000000080000000, 0x0000000100000000)
  region size 1024K, 2 young (2048K), 2 survivors (2048K)
 Metaspace       used 93709K, committed 94400K, reserved 1130496K
  class space    used 12588K, committed 12928K, reserved 1048576K
}
Event: 10.680 GC heap before
{Heap before GC invocations=41 (full 0):
 garbage-first heap   total 252928K, used 195360K [0x0000000080000000, 0x0000000100000000)
  region size 1024K, 91 young (93184K), 2 survivors (2048K)
 Metaspace       used 96314K, committed 97024K, reserved 1138688K
  class space    used 12869K, committed 13184K, reserved 1048576K
}
Event: 10.685 GC heap after
{Heap after GC invocations=42 (full 0):
 garbage-first heap   total 252928K, used 108139K [0x0000000080000000, 0x0000000100000000)
  region size 1024K, 5 young (5120K), 5 survivors (5120K)
 Metaspace       used 96314K, committed 97024K, reserved 1138688K
  class space    used 12869K, committed 13184K, reserved 1048576K
}
Event: 11.524 GC heap before
{Heap before GC invocations=43 (full 0):
 garbage-first heap   total 252928K, used 196203K [0x0000000080000000, 0x0000000100000000)
  region size 1024K, 96 young (98304K), 5 survivors (5120K)
 Metaspace       used 101594K, committed 102272K, reserved 1138688K
  class space    used 13550K, committed 13824K, reserved 1048576K
}
Event: 11.531 GC heap after
{Heap after GC invocations=44 (full 0):
 garbage-first heap   total 252928K, used 109001K [0x0000000080000000, 0x0000000100000000)
  region size 1024K, 10 young (10240K), 10 survivors (10240K)
 Metaspace       used 101594K, committed 102272K, reserved 1138688K
  class space    used 13550K, committed 13824K, reserved 1048576K
}
Event: 11.541 GC heap before
{Heap before GC invocations=44 (full 0):
 garbage-first heap   total 252928K, used 111049K [0x0000000080000000, 0x0000000100000000)
  region size 1024K, 12 young (12288K), 10 survivors (10240K)
 Metaspace       used 101669K, committed 102400K, reserved 1138688K
  class space    used 13562K, committed 13888K, reserved 1048576K
}
Event: 11.548 GC heap after
{Heap after GC invocations=45 (full 0):
 garbage-first heap   total 252928K, used 101789K [0x0000000080000000, 0x0000000100000000)
  region size 1024K, 2 young (2048K), 2 survivors (2048K)
 Metaspace       used 101669K, committed 102400K, reserved 1138688K
  class space    used 13562K, committed 13888K, reserved 1048576K
}
Event: 11.912 GC heap before
{Heap before GC invocations=45 (full 0):
 garbage-first heap   total 252928K, used 199069K [0x0000000080000000, 0x0000000100000000)
  region size 1024K, 98 young (100352K), 2 survivors (2048K)
 Metaspace       used 104239K, committed 104896K, reserved 1146880K
  class space    used 13919K, committed 14208K, reserved 1048576K
}
Event: 11.919 GC heap after
{Heap after GC invocations=46 (full 0):
 garbage-first heap   total 252928K, used 114566K [0x0000000080000000, 0x0000000100000000)
  region size 1024K, 13 young (13312K), 13 survivors (13312K)
 Metaspace       used 104239K, committed 104896K, reserved 1146880K
  class space    used 13919K, committed 14208K, reserved 1048576K
}
Event: 12.251 GC heap before
{Heap before GC invocations=47 (full 0):
 garbage-first heap   total 252928K, used 199558K [0x0000000080000000, 0x0000000100000000)
  region size 1024K, 99 young (101376K), 13 survivors (13312K)
 Metaspace       used 107878K, committed 108544K, reserved 1146880K
  class space    used 14461K, committed 14784K, reserved 1048576K
}
Event: 12.263 GC heap after
{Heap after GC invocations=48 (full 0):
 garbage-first heap   total 252928K, used 122890K [0x0000000080000000, 0x0000000100000000)
  region size 1024K, 12 young (12288K), 12 survivors (12288K)
 Metaspace       used 107878K, committed 108544K, reserved 1146880K
  class space    used 14461K, committed 14784K, reserved 1048576K
}
Event: 12.267 GC heap before
{Heap before GC invocations=48 (full 0):
 garbage-first heap   total 252928K, used 122890K [0x0000000080000000, 0x0000000100000000)
  region size 1024K, 13 young (13312K), 12 survivors (12288K)
 Metaspace       used 107897K, committed 108672K, reserved 1146880K
  class space    used 14464K, committed 14848K, reserved 1048576K
}
Event: 12.273 GC heap after
{Heap after GC invocations=49 (full 0):
 garbage-first heap   total 252928K, used 120327K [0x0000000080000000, 0x0000000100000000)
  region size 1024K, 2 young (2048K), 2 survivors (2048K)
 Metaspace       used 107897K, committed 108672K, reserved 1146880K
  class space    used 14464K, committed 14848K, reserved 1048576K
}
Event: 12.287 GC heap before
{Heap before GC invocations=49 (full 0):
 garbage-first heap   total 252928K, used 124423K [0x0000000080000000, 0x0000000100000000)
  region size 1024K, 7 young (7168K), 2 survivors (2048K)
 Metaspace       used 108038K, committed 108736K, reserved 1146880K
  class space    used 14499K, committed 14848K, reserved 1048576K
}

