# JRE version: OpenJDK Runtime Environment (17.0.6) (build 17.0.6+0-b2043.56-9586694)
# Java VM: OpenJDK 64-Bit Server VM (17.0.6+0-b2043.56-9586694, mixed mode, tiered, compressed oops, compressed class ptrs, g1 gc, windows-amd64)
GC Precious Log:
 CPUs: 8 total, 8 available
 Memory: 7894M
 Large Page Support: Disabled
 NUMA Support: Disabled
 Compressed Oops: Enabled (32-bit)
 Heap Region Size: 1M
 Heap Min Capacity: 8M
 Heap Initial Capacity: 124M
 Heap Max Capacity: 2G
 Pre-touch: Disabled
 Parallel Workers: 8
 Concurrent Workers: 2
 Concurrent Refinement Workers: 8
 Periodic GC: Disabled
Heap:
 garbage-first heap   total 372736K, used 220829K [0x0000000080000000, 0x0000000100000000)
  region size 1024K, 11 young (11264K), 11 survivors (11264K)
 Metaspace       used 157598K, committed 159680K, reserved 1187840K
  class space    used 21158K, committed 22144K, reserved 1048576K
GC Heap History (20 events):
Event: 4704.495 GC heap after
{Heap after GC invocations=71 (full 0):
 garbage-first heap   total 301056K, used 148160K [0x0000000080000000, 0x0000000100000000)
  region size 1024K, 4 young (4096K), 4 survivors (4096K)
 Metaspace       used 130771K, committed 132608K, reserved 1171456K
  class space    used 17678K, committed 18560K, reserved 1048576K
}
Event: 4704.602 GC heap before
{Heap before GC invocations=71 (full 0):
 garbage-first heap   total 301056K, used 167616K [0x0000000080000000, 0x0000000100000000)
  region size 1024K, 6 young (6144K), 4 survivors (4096K)
 Metaspace       used 130832K, committed 132672K, reserved 1171456K
  class space    used 17693K, committed 18560K, reserved 1048576K
}
Event: 4704.605 GC heap after
{Heap after GC invocations=72 (full 0):
 garbage-first heap   total 301056K, used 166300K [0x0000000080000000, 0x0000000100000000)
  region size 1024K, 4 young (4096K), 4 survivors (4096K)
 Metaspace       used 130832K, committed 132672K, reserved 1171456K
  class space    used 17693K, committed 18560K, reserved 1048576K
}
Event: 4705.768 GC heap before
{Heap before GC invocations=73 (full 0):
 garbage-first heap   total 301056K, used 260508K [0x0000000080000000, 0x0000000100000000)
  region size 1024K, 74 young (75776K), 4 survivors (4096K)
 Metaspace       used 134988K, committed 136832K, reserved 1171456K
  class space    used 18392K, committed 19264K, reserved 1048576K
}
Event: 4705.811 GC heap after
{Heap after GC invocations=74 (full 0):
 garbage-first heap   total 301056K, used 198533K [0x0000000080000000, 0x0000000100000000)
  region size 1024K, 10 young (10240K), 10 survivors (10240K)
 Metaspace       used 134988K, committed 136832K, reserved 1171456K
  class space    used 18392K, committed 19264K, reserved 1048576K
}
Event: 4705.832 GC heap before
{Heap before GC invocations=74 (full 0):
 garbage-first heap   total 301056K, used 202629K [0x0000000080000000, 0x0000000100000000)
  region size 1024K, 14 young (14336K), 10 survivors (10240K)
 Metaspace       used 134997K, committed 136832K, reserved 1171456K
  class space    used 18392K, committed 19264K, reserved 1048576K
}
Event: 4705.885 GC heap after
{Heap after GC invocations=75 (full 0):
 garbage-first heap   total 301056K, used 167745K [0x0000000080000000, 0x0000000100000000)
  region size 1024K, 1 young (1024K), 1 survivors (1024K)
 Metaspace       used 134997K, committed 136832K, reserved 1171456K
  class space    used 18392K, committed 19264K, reserved 1048576K
}
Event: 4706.157 GC heap before
{Heap before GC invocations=75 (full 0):
 garbage-first heap   total 301056K, used 180033K [0x0000000080000000, 0x0000000100000000)
  region size 1024K, 14 young (14336K), 1 survivors (1024K)
 Metaspace       used 136686K, committed 138560K, reserved 1171456K
  class space    used 18577K, committed 19456K, reserved 1048576K
}
Event: 4706.167 GC heap after
{Heap after GC invocations=76 (full 0):
 garbage-first heap   total 301056K, used 161534K [0x0000000080000000, 0x0000000100000000)
  region size 1024K, 2 young (2048K), 2 survivors (2048K)
 Metaspace       used 136686K, committed 138560K, reserved 1171456K
  class space    used 18577K, committed 19456K, reserved 1048576K
}
Event: 4707.188 GC heap before
{Heap before GC invocations=76 (full 0):
 garbage-first heap   total 301056K, used 268030K [0x0000000080000000, 0x0000000100000000)
  region size 1024K, 77 young (78848K), 2 survivors (2048K)
 Metaspace       used 143202K, committed 145088K, reserved 1179648K
  class space    used 19365K, committed 20288K, reserved 1048576K
}
Event: 4707.198 GC heap after
{Heap after GC invocations=77 (full 0):
 garbage-first heap   total 301056K, used 201932K [0x0000000080000000, 0x0000000100000000)
  region size 1024K, 10 young (10240K), 10 survivors (10240K)
 Metaspace       used 143202K, committed 145088K, reserved 1179648K
  class space    used 19365K, committed 20288K, reserved 1048576K
}
Event: 4707.673 GC heap before
{Heap before GC invocations=77 (full 0):
 garbage-first heap   total 301056K, used 251084K [0x0000000080000000, 0x0000000100000000)
  region size 1024K, 59 young (60416K), 10 survivors (10240K)
 Metaspace       used 146408K, committed 148416K, reserved 1179648K
  class space    used 19758K, committed 20736K, reserved 1048576K
}
Event: 4707.681 GC heap after
{Heap after GC invocations=78 (full 0):
 garbage-first heap   total 301056K, used 207713K [0x0000000080000000, 0x0000000100000000)
  region size 1024K, 6 young (6144K), 6 survivors (6144K)
 Metaspace       used 146408K, committed 148416K, reserved 1179648K
  class space    used 19758K, committed 20736K, reserved 1048576K
}
Event: 4707.987 GC heap before
{Heap before GC invocations=78 (full 0):
 garbage-first heap   total 301056K, used 253793K [0x0000000080000000, 0x0000000100000000)
  region size 1024K, 51 young (52224K), 6 survivors (6144K)
 Metaspace       used 148660K, committed 150656K, reserved 1187840K
  class space    used 20033K, committed 20992K, reserved 1048576K
}
Event: 4707.992 GC heap after
{Heap after GC invocations=79 (full 0):
 garbage-first heap   total 301056K, used 211274K [0x0000000080000000, 0x0000000100000000)
  region size 1024K, 4 young (4096K), 4 survivors (4096K)
 Metaspace       used 148660K, committed 150656K, reserved 1187840K
  class space    used 20033K, committed 20992K, reserved 1048576K
}
Event: 4760.109 GC heap before
{Heap before GC invocations=80 (full 0):
 garbage-first heap   total 372736K, used 250186K [0x0000000080000000, 0x0000000100000000)
  region size 1024K, 42 young (43008K), 4 survivors (4096K)
 Metaspace       used 150294K, committed 152320K, reserved 1187840K
  class space    used 20269K, committed 21248K, reserved 1048576K
}
Event: 4760.120 GC heap after
{Heap after GC invocations=81 (full 0):
 garbage-first heap   total 372736K, used 215447K [0x0000000080000000, 0x0000000100000000)
  region size 1024K, 5 young (5120K), 5 survivors (5120K)
 Metaspace       used 150294K, committed 152320K, reserved 1187840K
  class space    used 20269K, committed 21248K, reserved 1048576K
}
Event: 4760.239 GC heap before
{Heap before GC invocations=81 (full 0):
 garbage-first heap   total 372736K, used 227735K [0x0000000080000000, 0x0000000100000000)
  region size 1024K, 18 young (18432K), 5 survivors (5120K)
 Metaspace       used 150486K, committed 152512K, reserved 1187840K
  class space    used 20286K, committed 21248K, reserved 1048576K
}
Event: 4760.247 GC heap after
{Heap after GC invocations=82 (full 0):
 garbage-first heap   total 372736K, used 211864K [0x0000000080000000, 0x0000000100000000)
  region size 1024K, 2 young (2048K), 2 survivors (2048K)
 Metaspace       used 150486K, committed 152512K, reserved 1187840K
  class space    used 20286K, committed 21248K, reserved 1048576K
}
Event: 4775.844 GC heap before
{Heap before GC invocations=82 (full 0):
 garbage-first heap   total 372736K, used 300952K [0x0000000080000000, 0x0000000100000000)
  region size 1024K, 90 young (92160K), 2 survivors (2048K)
 Metaspace       used 157598K, committed 159680K, reserved 1187840K
  class space    used 21158K, committed 22144K, reserved 1048576K
}

