# JRE version: OpenJDK Runtime Environment (17.0.6) (build 17.0.6+0-b2043.56-9586694)
# Java VM: OpenJDK 64-Bit Server VM (17.0.6+0-b2043.56-9586694, mixed mode, tiered, compressed oops, compressed class ptrs, g1 gc, windows-amd64)
GC Precious Log:
 CPUs: 8 total, 8 available
 Memory: 7894M
 Large Page Support: Disabled
 NUMA Support: Disabled
 Compressed Oops: Enabled (32-bit)
 Heap Region Size: 1M
 Heap Min Capacity: 8M
 Heap Initial Capacity: 124M
 Heap Max Capacity: 2G
 Pre-touch: Disabled
 Parallel Workers: 8
 Concurrent Workers: 2
 Concurrent Refinement Workers: 8
 Periodic GC: Disabled
Heap:
 garbage-first heap   total 438272K, used 158927K [0x0000000080000000, 0x0000000100000000)
  region size 1024K, 24 young (24576K), 24 survivors (24576K)
 Metaspace       used 111584K, committed 112256K, reserved 1146880K
  class space    used 15597K, committed 15936K, reserved 1048576K
GC Heap History (20 events):
Event: 9.348 GC heap after
{Heap after GC invocations=29 (full 0):
 garbage-first heap   total 198656K, used 95857K [0x0000000080000000, 0x0000000100000000)
  region size 1024K, 8 young (8192K), 8 survivors (8192K)
 Metaspace       used 97268K, committed 97920K, reserved 1138688K
  class space    used 13391K, committed 13696K, reserved 1048576K
}
Event: 9.570 GC heap before
{Heap before GC invocations=29 (full 0):
 garbage-first heap   total 198656K, used 156273K [0x0000000080000000, 0x0000000100000000)
  region size 1024K, 68 young (69632K), 8 survivors (8192K)
 Metaspace       used 99680K, committed 100352K, reserved 1138688K
  class space    used 13808K, committed 14144K, reserved 1048576K
}
Event: 9.582 GC heap after
{Heap after GC invocations=30 (full 0):
 garbage-first heap   total 198656K, used 106991K [0x0000000080000000, 0x0000000100000000)
  region size 1024K, 9 young (9216K), 9 survivors (9216K)
 Metaspace       used 99680K, committed 100352K, reserved 1138688K
  class space    used 13808K, committed 14144K, reserved 1048576K
}
Event: 9.676 GC heap before
{Heap before GC invocations=30 (full 0):
 garbage-first heap   total 198656K, used 157167K [0x0000000080000000, 0x0000000100000000)
  region size 1024K, 58 young (59392K), 9 survivors (9216K)
 Metaspace       used 100889K, committed 101568K, reserved 1138688K
  class space    used 13938K, committed 14272K, reserved 1048576K
}
Event: 9.687 GC heap after
{Heap after GC invocations=31 (full 0):
 garbage-first heap   total 198656K, used 115854K [0x0000000080000000, 0x0000000100000000)
  region size 1024K, 8 young (8192K), 8 survivors (8192K)
 Metaspace       used 100889K, committed 101568K, reserved 1138688K
  class space    used 13938K, committed 14272K, reserved 1048576K
}
Event: 9.824 GC heap before
{Heap before GC invocations=31 (full 0):
 garbage-first heap   total 258048K, used 159886K [0x0000000080000000, 0x0000000100000000)
  region size 1024K, 51 young (52224K), 8 survivors (8192K)
 Metaspace       used 102159K, committed 102848K, reserved 1138688K
  class space    used 14212K, committed 14528K, reserved 1048576K
}
Event: 9.836 GC heap after
{Heap after GC invocations=32 (full 0):
 garbage-first heap   total 258048K, used 123273K [0x0000000080000000, 0x0000000100000000)
  region size 1024K, 7 young (7168K), 7 survivors (7168K)
 Metaspace       used 102159K, committed 102848K, reserved 1138688K
  class space    used 14212K, committed 14528K, reserved 1048576K
}
Event: 9.982 GC heap before
{Heap before GC invocations=33 (full 0):
 garbage-first heap   total 258048K, used 200073K [0x0000000080000000, 0x0000000100000000)
  region size 1024K, 82 young (83968K), 7 survivors (7168K)
 Metaspace       used 103537K, committed 104192K, reserved 1138688K
  class space    used 14462K, committed 14784K, reserved 1048576K
}
Event: 9.996 GC heap after
{Heap after GC invocations=34 (full 0):
 garbage-first heap   total 258048K, used 135345K [0x0000000080000000, 0x0000000100000000)
  region size 1024K, 11 young (11264K), 11 survivors (11264K)
 Metaspace       used 103537K, committed 104192K, reserved 1138688K
  class space    used 14462K, committed 14784K, reserved 1048576K
}
Event: 9.997 GC heap before
{Heap before GC invocations=34 (full 0):
 garbage-first heap   total 258048K, used 136369K [0x0000000080000000, 0x0000000100000000)
  region size 1024K, 12 young (12288K), 11 survivors (11264K)
 Metaspace       used 103553K, committed 104192K, reserved 1138688K
  class space    used 14467K, committed 14784K, reserved 1048576K
}
Event: 10.012 GC heap after
{Heap after GC invocations=35 (full 0):
 garbage-first heap   total 438272K, used 136936K [0x0000000080000000, 0x0000000100000000)
  region size 1024K, 2 young (2048K), 2 survivors (2048K)
 Metaspace       used 103553K, committed 104192K, reserved 1138688K
  class space    used 14467K, committed 14784K, reserved 1048576K
}
Event: 11.144 GC heap before
{Heap before GC invocations=35 (full 0):
 garbage-first heap   total 438272K, used 321256K [0x0000000080000000, 0x0000000100000000)
  region size 1024K, 182 young (186368K), 2 survivors (2048K)
 Metaspace       used 108279K, committed 108928K, reserved 1146880K
  class space    used 15182K, committed 15488K, reserved 1048576K
}
Event: 11.154 GC heap after
{Heap after GC invocations=36 (full 0):
 garbage-first heap   total 438272K, used 141626K [0x0000000080000000, 0x0000000100000000)
  region size 1024K, 7 young (7168K), 7 survivors (7168K)
 Metaspace       used 108279K, committed 108928K, reserved 1146880K
  class space    used 15182K, committed 15488K, reserved 1048576K
}
Event: 11.518 GC heap before
{Heap before GC invocations=36 (full 0):
 garbage-first heap   total 438272K, used 340282K [0x0000000080000000, 0x0000000100000000)
  region size 1024K, 201 young (205824K), 7 survivors (7168K)
 Metaspace       used 109509K, committed 110144K, reserved 1146880K
  class space    used 15314K, committed 15616K, reserved 1048576K
}
Event: 11.532 GC heap after
{Heap after GC invocations=37 (full 0):
 garbage-first heap   total 438272K, used 143101K [0x0000000080000000, 0x0000000100000000)
  region size 1024K, 8 young (8192K), 8 survivors (8192K)
 Metaspace       used 109509K, committed 110144K, reserved 1146880K
  class space    used 15314K, committed 15616K, reserved 1048576K
}
Event: 11.889 GC heap before
{Heap before GC invocations=37 (full 0):
 garbage-first heap   total 438272K, used 356093K [0x0000000080000000, 0x0000000100000000)
  region size 1024K, 217 young (222208K), 8 survivors (8192K)
 Metaspace       used 111288K, committed 111936K, reserved 1146880K
  class space    used 15563K, committed 15872K, reserved 1048576K
}
Event: 11.902 GC heap after
{Heap after GC invocations=38 (full 0):
 garbage-first heap   total 438272K, used 143684K [0x0000000080000000, 0x0000000100000000)
  region size 1024K, 9 young (9216K), 9 survivors (9216K)
 Metaspace       used 111288K, committed 111936K, reserved 1146880K
  class space    used 15563K, committed 15872K, reserved 1048576K
}
Event: 12.250 GC heap before
{Heap before GC invocations=38 (full 0):
 garbage-first heap   total 438272K, used 364868K [0x0000000080000000, 0x0000000100000000)
  region size 1024K, 226 young (231424K), 9 survivors (9216K)
 Metaspace       used 111538K, committed 112256K, reserved 1146880K
  class space    used 15595K, committed 15936K, reserved 1048576K
}
Event: 12.262 GC heap after
{Heap after GC invocations=39 (full 0):
 garbage-first heap   total 438272K, used 145573K [0x0000000080000000, 0x0000000100000000)
  region size 1024K, 11 young (11264K), 11 survivors (11264K)
 Metaspace       used 111538K, committed 112256K, reserved 1146880K
  class space    used 15595K, committed 15936K, reserved 1048576K
}
Event: 12.757 GC heap before
{Heap before GC invocations=39 (full 0):
 garbage-first heap   total 438272K, used 368805K [0x0000000080000000, 0x0000000100000000)
  region size 1024K, 230 young (235520K), 11 survivors (11264K)
 Metaspace       used 111584K, committed 112256K, reserved 1146880K
  class space    used 15597K, committed 15936K, reserved 1048576K
}

