# JRE version: OpenJDK Runtime Environment (17.0.6) (build 17.0.6+0-b2043.56-9586694)
# Java VM: OpenJDK 64-Bit Server VM (17.0.6+0-b2043.56-9586694, mixed mode, tiered, compressed oops, compressed class ptrs, g1 gc, windows-amd64)
GC Precious Log:
 CPUs: 8 total, 8 available
 Memory: 7894M
 Large Page Support: Disabled
 NUMA Support: Disabled
 Compressed Oops: Enabled (32-bit)
 Heap Region Size: 1M
 Heap Min Capacity: 8M
 Heap Initial Capacity: 124M
 Heap Max Capacity: 2G
 Pre-touch: Disabled
 Parallel Workers: 8
 Concurrent Workers: 2
 Concurrent Refinement Workers: 8
 Periodic GC: Disabled
Heap:
 garbage-first heap   total 346112K, used 145459K [0x0000000080000000, 0x0000000100000000)
  region size 1024K, 4 young (4096K), 4 survivors (4096K)
 Metaspace       used 108894K, committed 109568K, reserved 1146880K
  class space    used 15355K, committed 15680K, reserved 1048576K
GC Heap History (20 events):
Event: 7.286 GC heap after
{Heap after GC invocations=28 (full 0):
 garbage-first heap   total 174080K, used 64427K [0x0000000080000000, 0x0000000100000000)
  region size 1024K, 6 young (6144K), 6 survivors (6144K)
 Metaspace       used 81024K, committed 81600K, reserved 1122304K
  class space    used 11047K, committed 11328K, reserved 1048576K
}
Event: 7.892 GC heap before
{Heap before GC invocations=28 (full 0):
 garbage-first heap   total 174080K, used 134059K [0x0000000080000000, 0x0000000100000000)
  region size 1024K, 74 young (75776K), 6 survivors (6144K)
 Metaspace       used 83872K, committed 84480K, reserved 1122304K
  class space    used 11588K, committed 11840K, reserved 1048576K
}
Event: 7.905 GC heap after
{Heap after GC invocations=29 (full 0):
 garbage-first heap   total 174080K, used 73477K [0x0000000080000000, 0x0000000100000000)
  region size 1024K, 9 young (9216K), 9 survivors (9216K)
 Metaspace       used 83872K, committed 84480K, reserved 1122304K
  class space    used 11588K, committed 11840K, reserved 1048576K
}
Event: 8.298 GC heap before
{Heap before GC invocations=29 (full 0):
 garbage-first heap   total 174080K, used 134917K [0x0000000080000000, 0x0000000100000000)
  region size 1024K, 70 young (71680K), 9 survivors (9216K)
 Metaspace       used 84738K, committed 85312K, reserved 1130496K
  class space    used 11697K, committed 11968K, reserved 1048576K
}
Event: 8.306 GC heap after
{Heap after GC invocations=30 (full 0):
 garbage-first heap   total 174080K, used 78714K [0x0000000080000000, 0x0000000100000000)
  region size 1024K, 5 young (5120K), 5 survivors (5120K)
 Metaspace       used 84738K, committed 85312K, reserved 1130496K
  class space    used 11697K, committed 11968K, reserved 1048576K
}
Event: 8.845 GC heap before
{Heap before GC invocations=30 (full 0):
 garbage-first heap   total 174080K, used 138106K [0x0000000080000000, 0x0000000100000000)
  region size 1024K, 64 young (65536K), 5 survivors (5120K)
 Metaspace       used 90942K, committed 91584K, reserved 1130496K
  class space    used 12471K, committed 12800K, reserved 1048576K
}
Event: 8.851 GC heap after
{Heap after GC invocations=31 (full 0):
 garbage-first heap   total 174080K, used 84090K [0x0000000080000000, 0x0000000100000000)
  region size 1024K, 6 young (6144K), 6 survivors (6144K)
 Metaspace       used 90942K, committed 91584K, reserved 1130496K
  class space    used 12471K, committed 12800K, reserved 1048576K
}
Event: 9.007 GC heap before
{Heap before GC invocations=31 (full 0):
 garbage-first heap   total 174080K, used 139386K [0x0000000080000000, 0x0000000100000000)
  region size 1024K, 61 young (62464K), 6 survivors (6144K)
 Metaspace       used 92555K, committed 93184K, reserved 1130496K
  class space    used 12686K, committed 12992K, reserved 1048576K
}
Event: 9.013 GC heap after
{Heap after GC invocations=32 (full 0):
 garbage-first heap   total 174080K, used 91888K [0x0000000080000000, 0x0000000100000000)
  region size 1024K, 8 young (8192K), 8 survivors (8192K)
 Metaspace       used 92555K, committed 93184K, reserved 1130496K
  class space    used 12686K, committed 12992K, reserved 1048576K
}
Event: 9.335 GC heap before
{Heap before GC invocations=33 (full 0):
 garbage-first heap   total 174080K, used 140016K [0x0000000080000000, 0x0000000100000000)
  region size 1024K, 56 young (57344K), 8 survivors (8192K)
 Metaspace       used 96669K, committed 97344K, reserved 1138688K
  class space    used 13309K, committed 13632K, reserved 1048576K
}
Event: 9.343 GC heap after
{Heap after GC invocations=34 (full 0):
 garbage-first heap   total 174080K, used 99328K [0x0000000080000000, 0x0000000100000000)
  region size 1024K, 7 young (7168K), 7 survivors (7168K)
 Metaspace       used 96669K, committed 97344K, reserved 1138688K
  class space    used 13309K, committed 13632K, reserved 1048576K
}
Event: 9.346 GC heap before
{Heap before GC invocations=34 (full 0):
 garbage-first heap   total 174080K, used 100352K [0x0000000080000000, 0x0000000100000000)
  region size 1024K, 8 young (8192K), 7 survivors (7168K)
 Metaspace       used 96687K, committed 97344K, reserved 1138688K
  class space    used 13313K, committed 13632K, reserved 1048576K
}
Event: 9.352 GC heap after
{Heap after GC invocations=35 (full 0):
 garbage-first heap   total 346112K, used 99967K [0x0000000080000000, 0x0000000100000000)
  region size 1024K, 1 young (1024K), 1 survivors (1024K)
 Metaspace       used 96687K, committed 97344K, reserved 1138688K
  class space    used 13313K, committed 13632K, reserved 1048576K
}
Event: 9.776 GC heap before
{Heap before GC invocations=35 (full 0):
 garbage-first heap   total 346112K, used 256639K [0x0000000080000000, 0x0000000100000000)
  region size 1024K, 155 young (158720K), 1 survivors (1024K)
 Metaspace       used 102206K, committed 102912K, reserved 1138688K
  class space    used 14240K, committed 14592K, reserved 1048576K
}
Event: 9.796 GC heap after
{Heap after GC invocations=36 (full 0):
 garbage-first heap   total 346112K, used 124928K [0x0000000080000000, 0x0000000100000000)
  region size 1024K, 20 young (20480K), 20 survivors (20480K)
 Metaspace       used 102206K, committed 102912K, reserved 1138688K
  class space    used 14240K, committed 14592K, reserved 1048576K
}
Event: 10.088 GC heap before
{Heap before GC invocations=36 (full 0):
 garbage-first heap   total 346112K, used 248832K [0x0000000080000000, 0x0000000100000000)
  region size 1024K, 141 young (144384K), 20 survivors (20480K)
 Metaspace       used 105419K, committed 106048K, reserved 1146880K
  class space    used 14867K, committed 15168K, reserved 1048576K
}
Event: 10.108 GC heap after
{Heap after GC invocations=37 (full 0):
 garbage-first heap   total 346112K, used 141971K [0x0000000080000000, 0x0000000100000000)
  region size 1024K, 17 young (17408K), 17 survivors (17408K)
 Metaspace       used 105419K, committed 106048K, reserved 1146880K
  class space    used 14867K, committed 15168K, reserved 1048576K
}
Event: 10.508 GC heap before
{Heap before GC invocations=37 (full 0):
 garbage-first heap   total 346112K, used 256659K [0x0000000080000000, 0x0000000100000000)
  region size 1024K, 130 young (133120K), 17 survivors (17408K)
 Metaspace       used 108220K, committed 108864K, reserved 1146880K
  class space    used 15259K, committed 15552K, reserved 1048576K
}
Event: 10.519 GC heap after
{Heap after GC invocations=38 (full 0):
 garbage-first heap   total 346112K, used 145461K [0x0000000080000000, 0x0000000100000000)
  region size 1024K, 4 young (4096K), 4 survivors (4096K)
 Metaspace       used 108220K, committed 108864K, reserved 1146880K
  class space    used 15259K, committed 15552K, reserved 1048576K
}
Event: 10.850 GC heap before
{Heap before GC invocations=38 (full 0):
 garbage-first heap   total 346112K, used 270389K [0x0000000080000000, 0x0000000100000000)
  region size 1024K, 126 young (129024K), 4 survivors (4096K)
 Metaspace       used 108894K, committed 109568K, reserved 1146880K
  class space    used 15355K, committed 15680K, reserved 1048576K
}

