# JRE version: OpenJDK Runtime Environment (17.0.6) (build 17.0.6+0-b2043.56-9586694)
# Java VM: OpenJDK 64-Bit Server VM (17.0.6+0-b2043.56-9586694, mixed mode, tiered, compressed oops, compressed class ptrs, g1 gc, windows-amd64)
GC Precious Log:
 CPUs: 8 total, 8 available
 Memory: 7894M
 Large Page Support: Disabled
 NUMA Support: Disabled
 Compressed Oops: Enabled (32-bit)
 Heap Region Size: 1M
 Heap Min Capacity: 8M
 Heap Initial Capacity: 124M
 Heap Max Capacity: 2G
 Pre-touch: Disabled
 Parallel Workers: 8
 Concurrent Workers: 2
 Concurrent Refinement Workers: 8
 Periodic GC: Disabled
Heap:
 garbage-first heap   total 412672K, used 305685K [0x0000000080000000, 0x0000000100000000)
  region size 1024K, 8 young (8192K), 8 survivors (8192K)
 Metaspace       used 139556K, committed 140544K, reserved 1171456K
  class space    used 18692K, committed 19200K, reserved 1048576K
GC Heap History (20 events):
Event: 272.455 GC heap after
{Heap after GC invocations=48 (full 0):
 garbage-first heap   total 343040K, used 232393K [0x0000000080000000, 0x0000000100000000)
  region size 1024K, 6 young (6144K), 6 survivors (6144K)
 Metaspace       used 121308K, committed 122304K, reserved 1155072K
  class space    used 16029K, committed 16512K, reserved 1048576K
}
Event: 272.669 GC heap before
{Heap before GC invocations=48 (full 0):
 garbage-first heap   total 343040K, used 283593K [0x0000000080000000, 0x0000000100000000)
  region size 1024K, 57 young (58368K), 6 survivors (6144K)
 Metaspace       used 122200K, committed 123136K, reserved 1163264K
  class space    used 16125K, committed 16576K, reserved 1048576K
}
Event: 272.675 GC heap after
{Heap after GC invocations=49 (full 0):
 garbage-first heap   total 343040K, used 235670K [0x0000000080000000, 0x0000000100000000)
  region size 1024K, 5 young (5120K), 5 survivors (5120K)
 Metaspace       used 122200K, committed 123136K, reserved 1163264K
  class space    used 16125K, committed 16576K, reserved 1048576K
}
Event: 273.046 GC heap before
{Heap before GC invocations=49 (full 0):
 garbage-first heap   total 343040K, used 285846K [0x0000000080000000, 0x0000000100000000)
  region size 1024K, 55 young (56320K), 5 survivors (5120K)
 Metaspace       used 124389K, committed 125440K, reserved 1163264K
  class space    used 16407K, committed 16896K, reserved 1048576K
}
Event: 273.050 GC heap after
{Heap after GC invocations=50 (full 0):
 garbage-first heap   total 343040K, used 236208K [0x0000000080000000, 0x0000000100000000)
  region size 1024K, 2 young (2048K), 2 survivors (2048K)
 Metaspace       used 124389K, committed 125440K, reserved 1163264K
  class space    used 16407K, committed 16896K, reserved 1048576K
}
Event: 273.563 GC heap before
{Heap before GC invocations=50 (full 0):
 garbage-first heap   total 343040K, used 288432K [0x0000000080000000, 0x0000000100000000)
  region size 1024K, 54 young (55296K), 2 survivors (2048K)
 Metaspace       used 128280K, committed 129280K, reserved 1163264K
  class space    used 16921K, committed 17408K, reserved 1048576K
}
Event: 273.568 GC heap after
{Heap after GC invocations=51 (full 0):
 garbage-first heap   total 343040K, used 240433K [0x0000000080000000, 0x0000000100000000)
  region size 1024K, 6 young (6144K), 6 survivors (6144K)
 Metaspace       used 128280K, committed 129280K, reserved 1163264K
  class space    used 16921K, committed 17408K, reserved 1048576K
}
Event: 273.771 GC heap before
{Heap before GC invocations=51 (full 0):
 garbage-first heap   total 343040K, used 290609K [0x0000000080000000, 0x0000000100000000)
  region size 1024K, 56 young (57344K), 6 survivors (6144K)
 Metaspace       used 129734K, committed 130688K, reserved 1163264K
  class space    used 17131K, committed 17600K, reserved 1048576K
}
Event: 273.778 GC heap after
{Heap after GC invocations=52 (full 0):
 garbage-first heap   total 343040K, used 245523K [0x0000000080000000, 0x0000000100000000)
  region size 1024K, 6 young (6144K), 6 survivors (6144K)
 Metaspace       used 129734K, committed 130688K, reserved 1163264K
  class space    used 17131K, committed 17600K, reserved 1048576K
}
Event: 273.815 GC heap before
{Heap before GC invocations=52 (full 0):
 garbage-first heap   total 343040K, used 291603K [0x0000000080000000, 0x0000000100000000)
  region size 1024K, 52 young (53248K), 6 survivors (6144K)
 Metaspace       used 130013K, committed 131008K, reserved 1163264K
  class space    used 17168K, committed 17664K, reserved 1048576K
}
Event: 273.820 GC heap after
{Heap after GC invocations=53 (full 0):
 garbage-first heap   total 412672K, used 253139K [0x0000000080000000, 0x0000000100000000)
  region size 1024K, 7 young (7168K), 7 survivors (7168K)
 Metaspace       used 130013K, committed 131008K, reserved 1163264K
  class space    used 17168K, committed 17664K, reserved 1048576K
}
Event: 274.195 GC heap before
{Heap before GC invocations=53 (full 0):
 garbage-first heap   total 412672K, used 338131K [0x0000000080000000, 0x0000000100000000)
  region size 1024K, 91 young (93184K), 7 survivors (7168K)
 Metaspace       used 134034K, committed 135040K, reserved 1171456K
  class space    used 17772K, committed 18240K, reserved 1048576K
}
Event: 274.203 GC heap after
{Heap after GC invocations=54 (full 0):
 garbage-first heap   total 412672K, used 265272K [0x0000000080000000, 0x0000000100000000)
  region size 1024K, 12 young (12288K), 12 survivors (12288K)
 Metaspace       used 134034K, committed 135040K, reserved 1171456K
  class space    used 17772K, committed 18240K, reserved 1048576K
}
Event: 274.393 GC heap before
{Heap before GC invocations=54 (full 0):
 garbage-first heap   total 412672K, used 342072K [0x0000000080000000, 0x0000000100000000)
  region size 1024K, 85 young (87040K), 12 survivors (12288K)
 Metaspace       used 135657K, committed 136704K, reserved 1171456K
  class space    used 18047K, committed 18560K, reserved 1048576K
}
Event: 274.407 GC heap after
{Heap after GC invocations=55 (full 0):
 garbage-first heap   total 412672K, used 273385K [0x0000000080000000, 0x0000000100000000)
  region size 1024K, 11 young (11264K), 11 survivors (11264K)
 Metaspace       used 135657K, committed 136704K, reserved 1171456K
  class space    used 18047K, committed 18560K, reserved 1048576K
}
Event: 274.576 GC heap before
{Heap before GC invocations=55 (full 0):
 garbage-first heap   total 412672K, used 341993K [0x0000000080000000, 0x0000000100000000)
  region size 1024K, 79 young (80896K), 11 survivors (11264K)
 Metaspace       used 137428K, committed 138368K, reserved 1171456K
  class space    used 18296K, committed 18752K, reserved 1048576K
}
Event: 274.590 GC heap after
{Heap after GC invocations=56 (full 0):
 garbage-first heap   total 412672K, used 285410K [0x0000000080000000, 0x0000000100000000)
  region size 1024K, 10 young (10240K), 10 survivors (10240K)
 Metaspace       used 137428K, committed 138368K, reserved 1171456K
  class space    used 18296K, committed 18752K, reserved 1048576K
}
Event: 274.733 GC heap before
{Heap before GC invocations=56 (full 0):
 garbage-first heap   total 412672K, used 344802K [0x0000000080000000, 0x0000000100000000)
  region size 1024K, 69 young (70656K), 10 survivors (10240K)
 Metaspace       used 138944K, committed 139904K, reserved 1171456K
  class space    used 18594K, committed 19072K, reserved 1048576K
}
Event: 274.747 GC heap after
{Heap after GC invocations=57 (full 0):
 garbage-first heap   total 412672K, used 296491K [0x0000000080000000, 0x0000000100000000)
  region size 1024K, 9 young (9216K), 9 survivors (9216K)
 Metaspace       used 138944K, committed 139904K, reserved 1171456K
  class space    used 18594K, committed 19072K, reserved 1048576K
}
Event: 274.819 GC heap before
{Heap before GC invocations=57 (full 0):
 garbage-first heap   total 412672K, used 348715K [0x0000000080000000, 0x0000000100000000)
  region size 1024K, 60 young (61440K), 9 survivors (9216K)
 Metaspace       used 139556K, committed 140544K, reserved 1171456K
  class space    used 18692K, committed 19200K, reserved 1048576K
}

