# JRE version: OpenJDK Runtime Environment (17.0.6) (build 17.0.6+0-b2043.56-9586694)
# Java VM: OpenJDK 64-Bit Server VM (17.0.6+0-b2043.56-9586694, mixed mode, tiered, compressed oops, compressed class ptrs, g1 gc, windows-amd64)
GC Precious Log:
 CPUs: 8 total, 8 available
 Memory: 7894M
 Large Page Support: Disabled
 NUMA Support: Disabled
 Compressed Oops: Enabled (32-bit)
 Heap Region Size: 1M
 Heap Min Capacity: 8M
 Heap Initial Capacity: 124M
 Heap Max Capacity: 2G
 Pre-touch: Disabled
 Parallel Workers: 8
 Concurrent Workers: 2
 Concurrent Refinement Workers: 8
 Periodic GC: Disabled
Heap:
 garbage-first heap   total 143360K, used 100001K [0x0000000080000000, 0x0000000100000000)
  region size 1024K, 14 young (14336K), 2 survivors (2048K)
 Metaspace       used 47298K, committed 47744K, reserved 1097728K
  class space    used 6270K, committed 6464K, reserved 1048576K
GC Heap History (20 events):
Event: 2.435 GC heap before
{Heap before GC invocations=7 (full 0):
 garbage-first heap   total 80896K, used 45798K [0x0000000080000000, 0x0000000100000000)
  region size 1024K, 5 young (5120K), 4 survivors (4096K)
 Metaspace       used 29322K, committed 29696K, reserved 1081344K
  class space    used 3988K, committed 4160K, reserved 1048576K
}
Event: 2.437 GC heap after
{Heap after GC invocations=8 (full 0):
 garbage-first heap   total 97280K, used 46204K [0x0000000080000000, 0x0000000100000000)
  region size 1024K, 1 young (1024K), 1 survivors (1024K)
 Metaspace       used 29322K, committed 29696K, reserved 1081344K
  class space    used 3988K, committed 4160K, reserved 1048576K
}
Event: 2.468 GC heap before
{Heap before GC invocations=9 (full 0):
 garbage-first heap   total 97280K, used 54396K [0x0000000080000000, 0x0000000100000000)
  region size 1024K, 2 young (2048K), 1 survivors (1024K)
 Metaspace       used 29323K, committed 29696K, reserved 1081344K
  class space    used 3988K, committed 4160K, reserved 1048576K
}
Event: 2.469 GC heap after
{Heap after GC invocations=10 (full 0):
 garbage-first heap   total 97280K, used 54471K [0x0000000080000000, 0x0000000100000000)
  region size 1024K, 1 young (1024K), 1 survivors (1024K)
 Metaspace       used 29323K, committed 29696K, reserved 1081344K
  class space    used 3988K, committed 4160K, reserved 1048576K
}
Event: 2.683 GC heap before
{Heap before GC invocations=11 (full 0):
 garbage-first heap   total 97280K, used 74951K [0x0000000080000000, 0x0000000100000000)
  region size 1024K, 21 young (21504K), 1 survivors (1024K)
 Metaspace       used 31979K, committed 32384K, reserved 1081344K
  class space    used 4419K, committed 4608K, reserved 1048576K
}
Event: 2.686 GC heap after
{Heap after GC invocations=12 (full 0):
 garbage-first heap   total 97280K, used 57671K [0x0000000080000000, 0x0000000100000000)
  region size 1024K, 3 young (3072K), 3 survivors (3072K)
 Metaspace       used 31979K, committed 32384K, reserved 1081344K
  class space    used 4419K, committed 4608K, reserved 1048576K
}
Event: 2.921 GC heap before
{Heap before GC invocations=12 (full 0):
 garbage-first heap   total 97280K, used 76103K [0x0000000080000000, 0x0000000100000000)
  region size 1024K, 21 young (21504K), 3 survivors (3072K)
 Metaspace       used 34722K, committed 35072K, reserved 1081344K
  class space    used 4847K, committed 4992K, reserved 1048576K
}
Event: 2.923 GC heap after
{Heap after GC invocations=13 (full 0):
 garbage-first heap   total 97280K, used 58783K [0x0000000080000000, 0x0000000100000000)
  region size 1024K, 1 young (1024K), 1 survivors (1024K)
 Metaspace       used 34722K, committed 35072K, reserved 1081344K
  class space    used 4847K, committed 4992K, reserved 1048576K
}
Event: 3.256 GC heap before
{Heap before GC invocations=14 (full 0):
 garbage-first heap   total 102400K, used 76191K [0x0000000080000000, 0x0000000100000000)
  region size 1024K, 19 young (19456K), 1 survivors (1024K)
 Metaspace       used 40192K, committed 40576K, reserved 1089536K
  class space    used 5430K, committed 5632K, reserved 1048576K
}
Event: 3.259 GC heap after
{Heap after GC invocations=15 (full 0):
 garbage-first heap   total 102400K, used 61344K [0x0000000080000000, 0x0000000100000000)
  region size 1024K, 3 young (3072K), 3 survivors (3072K)
 Metaspace       used 40192K, committed 40576K, reserved 1089536K
  class space    used 5430K, committed 5632K, reserved 1048576K
}
Event: 3.390 GC heap before
{Heap before GC invocations=15 (full 0):
 garbage-first heap   total 102400K, used 80800K [0x0000000080000000, 0x0000000100000000)
  region size 1024K, 23 young (23552K), 3 survivors (3072K)
 Metaspace       used 41641K, committed 42048K, reserved 1089536K
  class space    used 5574K, committed 5760K, reserved 1048576K
}
Event: 3.395 GC heap after
{Heap after GC invocations=16 (full 0):
 garbage-first heap   total 102400K, used 64127K [0x0000000080000000, 0x0000000100000000)
  region size 1024K, 3 young (3072K), 3 survivors (3072K)
 Metaspace       used 41641K, committed 42048K, reserved 1089536K
  class space    used 5574K, committed 5760K, reserved 1048576K
}
Event: 3.464 GC heap before
{Heap before GC invocations=17 (full 0):
 garbage-first heap   total 112640K, used 71295K [0x0000000080000000, 0x0000000100000000)
  region size 1024K, 12 young (12288K), 3 survivors (3072K)
 Metaspace       used 42083K, committed 42496K, reserved 1089536K
  class space    used 5620K, committed 5824K, reserved 1048576K
}
Event: 3.467 GC heap after
{Heap after GC invocations=18 (full 0):
 garbage-first heap   total 112640K, used 64709K [0x0000000080000000, 0x0000000100000000)
  region size 1024K, 2 young (2048K), 2 survivors (2048K)
 Metaspace       used 42083K, committed 42496K, reserved 1089536K
  class space    used 5620K, committed 5824K, reserved 1048576K
}
Event: 3.808 GC heap before
{Heap before GC invocations=19 (full 0):
 garbage-first heap   total 117760K, used 92357K [0x0000000080000000, 0x0000000100000000)
  region size 1024K, 26 young (26624K), 2 survivors (2048K)
 Metaspace       used 46119K, committed 46528K, reserved 1089536K
  class space    used 6118K, committed 6336K, reserved 1048576K
}
Event: 3.811 GC heap after
{Heap after GC invocations=20 (full 0):
 garbage-first heap   total 117760K, used 65825K [0x0000000080000000, 0x0000000100000000)
  region size 1024K, 3 young (3072K), 3 survivors (3072K)
 Metaspace       used 46119K, committed 46528K, reserved 1089536K
  class space    used 6118K, committed 6336K, reserved 1048576K
}
Event: 3.908 GC heap before
{Heap before GC invocations=20 (full 0):
 garbage-first heap   total 117760K, used 70945K [0x0000000080000000, 0x0000000100000000)
  region size 1024K, 10 young (10240K), 3 survivors (3072K)
 Metaspace       used 46549K, committed 47040K, reserved 1097728K
  class space    used 6188K, committed 6400K, reserved 1048576K
}
Event: 3.911 GC heap after
{Heap after GC invocations=21 (full 0):
 garbage-first heap   total 117760K, used 67189K [0x0000000080000000, 0x0000000100000000)
  region size 1024K, 4 young (4096K), 4 survivors (4096K)
 Metaspace       used 46549K, committed 47040K, reserved 1097728K
  class space    used 6188K, committed 6400K, reserved 1048576K
}
Event: 3.957 GC heap before
{Heap before GC invocations=22 (full 0):
 garbage-first heap   total 137216K, used 78453K [0x0000000080000000, 0x0000000100000000)
  region size 1024K, 5 young (5120K), 4 survivors (4096K)
 Metaspace       used 46549K, committed 47040K, reserved 1097728K
  class space    used 6188K, committed 6400K, reserved 1048576K
}
Event: 3.959 GC heap after
{Heap after GC invocations=23 (full 0):
 garbage-first heap   total 137216K, used 78497K [0x0000000080000000, 0x0000000100000000)
  region size 1024K, 2 young (2048K), 2 survivors (2048K)
 Metaspace       used 46549K, committed 47040K, reserved 1097728K
  class space    used 6188K, committed 6400K, reserved 1048576K
}

