# JRE version: OpenJDK Runtime Environment (17.0.6) (build 17.0.6+0-b2043.56-9586694)
# Java VM: OpenJDK 64-Bit Server VM (17.0.6+0-b2043.56-9586694, mixed mode, tiered, compressed oops, compressed class ptrs, g1 gc, windows-amd64)
GC Precious Log:
 CPUs: 8 total, 8 available
 Memory: 7894M
 Large Page Support: Disabled
 NUMA Support: Disabled
 Compressed Oops: Enabled (32-bit)
 Heap Region Size: 1M
 Heap Min Capacity: 8M
 Heap Initial Capacity: 124M
 Heap Max Capacity: 2G
 Pre-touch: Disabled
 Parallel Workers: 8
 Concurrent Workers: 2
 Concurrent Refinement Workers: 8
 Periodic GC: Disabled
Heap:
 garbage-first heap   total 194560K, used 123170K [0x0000000080000000, 0x0000000100000000)
  region size 1024K, 13 young (13312K), 2 survivors (2048K)
 Metaspace       used 66696K, committed 67264K, reserved 1114112K
  class space    used 8898K, committed 9152K, reserved 1048576K
GC Heap History (20 events):
Event: 4.021 GC heap before
{Heap before GC invocations=20 (full 0):
 garbage-first heap   total 135168K, used 78367K [0x0000000080000000, 0x0000000100000000)
  region size 1024K, 5 young (5120K), 4 survivors (4096K)
 Metaspace       used 46549K, committed 47040K, reserved 1097728K
  class space    used 6184K, committed 6400K, reserved 1048576K
}
Event: 4.023 GC heap after
{Heap after GC invocations=21 (full 0):
 garbage-first heap   total 135168K, used 78529K [0x0000000080000000, 0x0000000100000000)
  region size 1024K, 1 young (1024K), 1 survivors (1024K)
 Metaspace       used 46549K, committed 47040K, reserved 1097728K
  class space    used 6184K, committed 6400K, reserved 1048576K
}
Event: 4.400 GC heap before
{Heap before GC invocations=22 (full 0):
 garbage-first heap   total 143360K, used 113345K [0x0000000080000000, 0x0000000100000000)
  region size 1024K, 25 young (25600K), 1 survivors (1024K)
 Metaspace       used 49359K, committed 49792K, reserved 1097728K
  class space    used 6465K, committed 6656K, reserved 1048576K
}
Event: 4.402 GC heap after
{Heap after GC invocations=23 (full 0):
 garbage-first heap   total 143360K, used 92475K [0x0000000080000000, 0x0000000100000000)
  region size 1024K, 4 young (4096K), 4 survivors (4096K)
 Metaspace       used 49359K, committed 49792K, reserved 1097728K
  class space    used 6465K, committed 6656K, reserved 1048576K
}
Event: 4.437 GC heap before
{Heap before GC invocations=23 (full 0):
 garbage-first heap   total 143360K, used 94523K [0x0000000080000000, 0x0000000100000000)
  region size 1024K, 7 young (7168K), 4 survivors (4096K)
 Metaspace       used 50016K, committed 50432K, reserved 1097728K
  class space    used 6583K, committed 6784K, reserved 1048576K
}
Event: 4.440 GC heap after
{Heap after GC invocations=24 (full 0):
 garbage-first heap   total 143360K, used 92794K [0x0000000080000000, 0x0000000100000000)
  region size 1024K, 1 young (1024K), 1 survivors (1024K)
 Metaspace       used 50016K, committed 50432K, reserved 1097728K
  class space    used 6583K, committed 6784K, reserved 1048576K
}
Event: 4.670 GC heap before
{Heap before GC invocations=24 (full 0):
 garbage-first heap   total 143360K, used 114298K [0x0000000080000000, 0x0000000100000000)
  region size 1024K, 23 young (23552K), 1 survivors (1024K)
 Metaspace       used 52176K, committed 52672K, reserved 1097728K
  class space    used 6929K, committed 7168K, reserved 1048576K
}
Event: 4.672 GC heap after
{Heap after GC invocations=25 (full 0):
 garbage-first heap   total 176128K, used 93938K [0x0000000080000000, 0x0000000100000000)
  region size 1024K, 2 young (2048K), 2 survivors (2048K)
 Metaspace       used 52176K, committed 52672K, reserved 1097728K
  class space    used 6929K, committed 7168K, reserved 1048576K
}
Event: 5.116 GC heap before
{Heap before GC invocations=26 (full 0):
 garbage-first heap   total 176128K, used 130802K [0x0000000080000000, 0x0000000100000000)
  region size 1024K, 38 young (38912K), 2 survivors (2048K)
 Metaspace       used 55658K, committed 56128K, reserved 1105920K
  class space    used 7413K, committed 7616K, reserved 1048576K
}
Event: 5.119 GC heap after
{Heap after GC invocations=27 (full 0):
 garbage-first heap   total 176128K, used 97545K [0x0000000080000000, 0x0000000100000000)
  region size 1024K, 5 young (5120K), 5 survivors (5120K)
 Metaspace       used 55658K, committed 56128K, reserved 1105920K
  class space    used 7413K, committed 7616K, reserved 1048576K
}
Event: 5.169 GC heap before
{Heap before GC invocations=27 (full 0):
 garbage-first heap   total 176128K, used 107785K [0x0000000080000000, 0x0000000100000000)
  region size 1024K, 8 young (8192K), 5 survivors (5120K)
 Metaspace       used 55823K, committed 56320K, reserved 1105920K
  class space    used 7447K, committed 7680K, reserved 1048576K
}
Event: 5.175 GC heap after
{Heap after GC invocations=28 (full 0):
 garbage-first heap   total 176128K, used 104961K [0x0000000080000000, 0x0000000100000000)
  region size 1024K, 1 young (1024K), 1 survivors (1024K)
 Metaspace       used 55823K, committed 56320K, reserved 1105920K
  class space    used 7447K, committed 7680K, reserved 1048576K
}
Event: 5.652 GC heap before
{Heap before GC invocations=28 (full 0):
 garbage-first heap   total 176128K, used 137729K [0x0000000080000000, 0x0000000100000000)
  region size 1024K, 33 young (33792K), 1 survivors (1024K)
 Metaspace       used 59225K, committed 59712K, reserved 1105920K
  class space    used 7974K, committed 8192K, reserved 1048576K
}
Event: 5.655 GC heap after
{Heap after GC invocations=29 (full 0):
 garbage-first heap   total 176128K, used 107222K [0x0000000080000000, 0x0000000100000000)
  region size 1024K, 4 young (4096K), 4 survivors (4096K)
 Metaspace       used 59225K, committed 59712K, reserved 1105920K
  class space    used 7974K, committed 8192K, reserved 1048576K
}
Event: 6.542 GC heap before
{Heap before GC invocations=30 (full 0):
 garbage-first heap   total 184320K, used 138966K [0x0000000080000000, 0x0000000100000000)
  region size 1024K, 36 young (36864K), 4 survivors (4096K)
 Metaspace       used 65906K, committed 66432K, reserved 1114112K
  class space    used 8811K, committed 9024K, reserved 1048576K
}
Event: 6.547 GC heap after
{Heap after GC invocations=31 (full 0):
 garbage-first heap   total 184320K, used 110470K [0x0000000080000000, 0x0000000100000000)
  region size 1024K, 4 young (4096K), 4 survivors (4096K)
 Metaspace       used 65906K, committed 66432K, reserved 1114112K
  class space    used 8811K, committed 9024K, reserved 1048576K
}
Event: 6.638 GC heap before
{Heap before GC invocations=31 (full 0):
 garbage-first heap   total 184320K, used 114566K [0x0000000080000000, 0x0000000100000000)
  region size 1024K, 9 young (9216K), 4 survivors (4096K)
 Metaspace       used 65995K, committed 66496K, reserved 1114112K
  class space    used 8811K, committed 9024K, reserved 1048576K
}
Event: 6.641 GC heap after
{Heap after GC invocations=32 (full 0):
 garbage-first heap   total 184320K, used 110392K [0x0000000080000000, 0x0000000100000000)
  region size 1024K, 1 young (1024K), 1 survivors (1024K)
 Metaspace       used 65995K, committed 66496K, reserved 1114112K
  class space    used 8811K, committed 9024K, reserved 1048576K
}
Event: 6.812 GC heap before
{Heap before GC invocations=32 (full 0):
 garbage-first heap   total 184320K, used 127800K [0x0000000080000000, 0x0000000100000000)
  region size 1024K, 20 young (20480K), 1 survivors (1024K)
 Metaspace       used 66229K, committed 66816K, reserved 1114112K
  class space    used 8827K, committed 9088K, reserved 1048576K
}
Event: 6.816 GC heap after
{Heap after GC invocations=33 (full 0):
 garbage-first heap   total 184320K, used 110882K [0x0000000080000000, 0x0000000100000000)
  region size 1024K, 2 young (2048K), 2 survivors (2048K)
 Metaspace       used 66229K, committed 66816K, reserved 1114112K
  class space    used 8827K, committed 9088K, reserved 1048576K
}

