# JRE version: OpenJDK Runtime Environment (17.0.6) (build 17.0.6+0-b2043.56-9586694)
# Java VM: OpenJDK 64-Bit Server VM (17.0.6+0-b2043.56-9586694, mixed mode, tiered, compressed oops, compressed class ptrs, g1 gc, windows-amd64)
GC Precious Log:
 CPUs: 8 total, 8 available
 Memory: 7894M
 Large Page Support: Disabled
 NUMA Support: Disabled
 Compressed Oops: Enabled (32-bit)
 Heap Region Size: 1M
 Heap Min Capacity: 8M
 Heap Initial Capacity: 124M
 Heap Max Capacity: 2G
 Pre-touch: Disabled
 Parallel Workers: 8
 Concurrent Workers: 2
 Concurrent Refinement Workers: 8
 Periodic GC: Disabled
Heap:
 garbage-first heap   total 284672K, used 201024K [0x0000000080000000, 0x0000000100000000)
  region size 1024K, 5 young (5120K), 5 survivors (5120K)
 Metaspace       used 101987K, committed 102720K, reserved 1138688K
  class space    used 14081K, committed 14400K, reserved 1048576K
GC Heap History (20 events):
Event: 21.734 GC heap after
{Heap after GC invocations=36 (full 0):
 garbage-first heap   total 132096K, used 76903K [0x0000000080000000, 0x0000000100000000)
  region size 1024K, 2 young (2048K), 2 survivors (2048K)
 Metaspace       used 84287K, committed 84928K, reserved 1130496K
  class space    used 11591K, committed 11904K, reserved 1048576K
}
Event: 22.219 GC heap before
{Heap before GC invocations=36 (full 0):
 garbage-first heap   total 132096K, used 107623K [0x0000000080000000, 0x0000000100000000)
  region size 1024K, 33 young (33792K), 2 survivors (2048K)
 Metaspace       used 84793K, committed 85440K, reserved 1130496K
  class space    used 11633K, committed 11904K, reserved 1048576K
}
Event: 22.223 GC heap after
{Heap after GC invocations=37 (full 0):
 garbage-first heap   total 132096K, used 78993K [0x0000000080000000, 0x0000000100000000)
  region size 1024K, 4 young (4096K), 4 survivors (4096K)
 Metaspace       used 84793K, committed 85440K, reserved 1130496K
  class space    used 11633K, committed 11904K, reserved 1048576K
}
Event: 22.756 GC heap before
{Heap before GC invocations=38 (full 0):
 garbage-first heap   total 135168K, used 108689K [0x0000000080000000, 0x0000000100000000)
  region size 1024K, 34 young (34816K), 4 survivors (4096K)
 Metaspace       used 86093K, committed 86720K, reserved 1130496K
  class space    used 11732K, committed 12032K, reserved 1048576K
}
Event: 22.762 GC heap after
{Heap after GC invocations=39 (full 0):
 garbage-first heap   total 135168K, used 81277K [0x0000000080000000, 0x0000000100000000)
  region size 1024K, 5 young (5120K), 5 survivors (5120K)
 Metaspace       used 86093K, committed 86720K, reserved 1130496K
  class space    used 11732K, committed 12032K, reserved 1048576K
}
Event: 22.772 GC heap before
{Heap before GC invocations=39 (full 0):
 garbage-first heap   total 135168K, used 82301K [0x0000000080000000, 0x0000000100000000)
  region size 1024K, 6 young (6144K), 5 survivors (5120K)
 Metaspace       used 86136K, committed 86784K, reserved 1130496K
  class space    used 11737K, committed 12032K, reserved 1048576K
}
Event: 22.777 GC heap after
{Heap after GC invocations=40 (full 0):
 garbage-first heap   total 135168K, used 81175K [0x0000000080000000, 0x0000000100000000)
  region size 1024K, 1 young (1024K), 1 survivors (1024K)
 Metaspace       used 86136K, committed 86784K, reserved 1130496K
  class space    used 11737K, committed 12032K, reserved 1048576K
}
Event: 23.130 GC heap before
{Heap before GC invocations=40 (full 0):
 garbage-first heap   total 135168K, used 110871K [0x0000000080000000, 0x0000000100000000)
  region size 1024K, 31 young (31744K), 1 survivors (1024K)
 Metaspace       used 87214K, committed 87808K, reserved 1130496K
  class space    used 11889K, committed 12160K, reserved 1048576K
}
Event: 23.135 GC heap after
{Heap after GC invocations=41 (full 0):
 garbage-first heap   total 270336K, used 82948K [0x0000000080000000, 0x0000000100000000)
  region size 1024K, 3 young (3072K), 3 survivors (3072K)
 Metaspace       used 87214K, committed 87808K, reserved 1130496K
  class space    used 11889K, committed 12160K, reserved 1048576K
}
Event: 25.032 GC heap before
{Heap before GC invocations=42 (full 0):
 garbage-first heap   total 270336K, used 251908K [0x0000000080000000, 0x0000000100000000)
  region size 1024K, 129 young (132096K), 3 survivors (3072K)
 Metaspace       used 95689K, committed 96320K, reserved 1138688K
  class space    used 13042K, committed 13376K, reserved 1048576K
}
Event: 25.063 GC heap after
{Heap after GC invocations=43 (full 0):
 garbage-first heap   total 284672K, used 134923K [0x0000000080000000, 0x0000000100000000)
  region size 1024K, 17 young (17408K), 17 survivors (17408K)
 Metaspace       used 95689K, committed 96320K, reserved 1138688K
  class space    used 13042K, committed 13376K, reserved 1048576K
}
Event: 25.089 GC heap before
{Heap before GC invocations=43 (full 0):
 garbage-first heap   total 284672K, used 135947K [0x0000000080000000, 0x0000000100000000)
  region size 1024K, 18 young (18432K), 17 survivors (17408K)
 Metaspace       used 96007K, committed 96640K, reserved 1138688K
  class space    used 13138K, committed 13440K, reserved 1048576K
}
Event: 25.105 GC heap after
{Heap after GC invocations=44 (full 0):
 garbage-first heap   total 284672K, used 136350K [0x0000000080000000, 0x0000000100000000)
  region size 1024K, 2 young (2048K), 2 survivors (2048K)
 Metaspace       used 96007K, committed 96640K, reserved 1138688K
  class space    used 13138K, committed 13440K, reserved 1048576K
}
Event: 25.560 GC heap before
{Heap before GC invocations=44 (full 0):
 garbage-first heap   total 284672K, used 204958K [0x0000000080000000, 0x0000000100000000)
  region size 1024K, 70 young (71680K), 2 survivors (2048K)
 Metaspace       used 97655K, committed 98304K, reserved 1138688K
  class space    used 13481K, committed 13824K, reserved 1048576K
}
Event: 25.588 GC heap after
{Heap after GC invocations=45 (full 0):
 garbage-first heap   total 284672K, used 168277K [0x0000000080000000, 0x0000000100000000)
  region size 1024K, 9 young (9216K), 9 survivors (9216K)
 Metaspace       used 97655K, committed 98304K, reserved 1138688K
  class space    used 13481K, committed 13824K, reserved 1048576K
}
Event: 26.185 GC heap before
{Heap before GC invocations=45 (full 0):
 garbage-first heap   total 284672K, used 214357K [0x0000000080000000, 0x0000000100000000)
  region size 1024K, 55 young (56320K), 9 survivors (9216K)
 Metaspace       used 100407K, committed 101120K, reserved 1138688K
  class space    used 13861K, committed 14208K, reserved 1048576K
}
Event: 26.213 GC heap after
{Heap after GC invocations=46 (full 0):
 garbage-first heap   total 284672K, used 183795K [0x0000000080000000, 0x0000000100000000)
  region size 1024K, 7 young (7168K), 7 survivors (7168K)
 Metaspace       used 100407K, committed 101120K, reserved 1138688K
  class space    used 13861K, committed 14208K, reserved 1048576K
}
Event: 27.077 GC heap before
{Heap before GC invocations=46 (full 0):
 garbage-first heap   total 284672K, used 221683K [0x0000000080000000, 0x0000000100000000)
  region size 1024K, 45 young (46080K), 7 survivors (7168K)
 Metaspace       used 101603K, committed 102208K, reserved 1138688K
  class space    used 14043K, committed 14336K, reserved 1048576K
}
Event: 27.099 GC heap after
{Heap after GC invocations=47 (full 0):
 garbage-first heap   total 284672K, used 190584K [0x0000000080000000, 0x0000000100000000)
  region size 1024K, 6 young (6144K), 6 survivors (6144K)
 Metaspace       used 101603K, committed 102208K, reserved 1138688K
  class space    used 14043K, committed 14336K, reserved 1048576K
}
Event: 28.259 GC heap before
{Heap before GC invocations=47 (full 0):
 garbage-first heap   total 284672K, used 233592K [0x0000000080000000, 0x0000000100000000)
  region size 1024K, 43 young (44032K), 6 survivors (6144K)
 Metaspace       used 101987K, committed 102720K, reserved 1138688K
  class space    used 14081K, committed 14400K, reserved 1048576K
}

