# JRE version: OpenJDK Runtime Environment (17.0.6) (build 17.0.6+0-b2043.56-9586694)
# Java VM: OpenJDK 64-Bit Server VM (17.0.6+0-b2043.56-9586694, mixed mode, tiered, compressed oops, compressed class ptrs, g1 gc, windows-amd64)
GC Precious Log:
 CPUs: 8 total, 8 available
 Memory: 7894M
 Large Page Support: Disabled
 NUMA Support: Disabled
 Compressed Oops: Enabled (32-bit)
 Heap Region Size: 1M
 Heap Min Capacity: 8M
 Heap Initial Capacity: 124M
 Heap Max Capacity: 2G
 Pre-touch: Disabled
 Parallel Workers: 8
 Concurrent Workers: 2
 Concurrent Refinement Workers: 8
 Periodic GC: Disabled
Heap:
 garbage-first heap   total 103424K, used 55582K [0x0000000080000000, 0x0000000100000000)
  region size 1024K, 5 young (5120K), 3 survivors (3072K)
 Metaspace       used 66536K, committed 67072K, reserved 1114112K
  class space    used 8767K, committed 9024K, reserved 1048576K
GC Heap History (20 events):
Event: 7.651 GC heap before
{Heap before GC invocations=17 (full 0):
 garbage-first heap   total 86016K, used 39783K [0x0000000080000000, 0x0000000100000000)
  region size 1024K, 4 young (4096K), 2 survivors (2048K)
 Metaspace       used 51767K, committed 52224K, reserved 1097728K
  class space    used 6840K, committed 7040K, reserved 1048576K
}
Event: 7.653 GC heap after
{Heap after GC invocations=18 (full 0):
 garbage-first heap   total 86016K, used 39803K [0x0000000080000000, 0x0000000100000000)
  region size 1024K, 3 young (3072K), 3 survivors (3072K)
 Metaspace       used 51767K, committed 52224K, reserved 1097728K
  class space    used 6840K, committed 7040K, reserved 1048576K
}
Event: 7.748 GC heap before
{Heap before GC invocations=19 (full 0):
 garbage-first heap   total 86016K, used 42875K [0x0000000080000000, 0x0000000100000000)
  region size 1024K, 7 young (7168K), 3 survivors (3072K)
 Metaspace       used 51778K, committed 52224K, reserved 1097728K
  class space    used 6840K, committed 7040K, reserved 1048576K
}
Event: 7.750 GC heap after
{Heap after GC invocations=20 (full 0):
 garbage-first heap   total 86016K, used 43648K [0x0000000080000000, 0x0000000100000000)
  region size 1024K, 3 young (3072K), 3 survivors (3072K)
 Metaspace       used 51778K, committed 52224K, reserved 1097728K
  class space    used 6840K, committed 7040K, reserved 1048576K
}
Event: 8.005 GC heap before
{Heap before GC invocations=21 (full 0):
 garbage-first heap   total 86016K, used 56960K [0x0000000080000000, 0x0000000100000000)
  region size 1024K, 16 young (16384K), 3 survivors (3072K)
 Metaspace       used 53320K, committed 53760K, reserved 1097728K
  class space    used 7045K, committed 7232K, reserved 1048576K
}
Event: 8.007 GC heap after
{Heap after GC invocations=22 (full 0):
 garbage-first heap   total 86016K, used 45681K [0x0000000080000000, 0x0000000100000000)
  region size 1024K, 2 young (2048K), 2 survivors (2048K)
 Metaspace       used 53320K, committed 53760K, reserved 1097728K
  class space    used 7045K, committed 7232K, reserved 1048576K
}
Event: 8.257 GC heap before
{Heap before GC invocations=22 (full 0):
 garbage-first heap   total 86016K, used 58993K [0x0000000080000000, 0x0000000100000000)
  region size 1024K, 15 young (15360K), 2 survivors (2048K)
 Metaspace       used 55120K, committed 55552K, reserved 1097728K
  class space    used 7298K, committed 7488K, reserved 1048576K
}
Event: 8.260 GC heap after
{Heap after GC invocations=23 (full 0):
 garbage-first heap   total 86016K, used 46411K [0x0000000080000000, 0x0000000100000000)
  region size 1024K, 1 young (1024K), 1 survivors (1024K)
 Metaspace       used 55120K, committed 55552K, reserved 1097728K
  class space    used 7298K, committed 7488K, reserved 1048576K
}
Event: 8.531 GC heap before
{Heap before GC invocations=24 (full 0):
 garbage-first heap   total 86016K, used 59723K [0x0000000080000000, 0x0000000100000000)
  region size 1024K, 15 young (15360K), 1 survivors (1024K)
 Metaspace       used 57759K, committed 58240K, reserved 1105920K
  class space    used 7624K, committed 7872K, reserved 1048576K
}
Event: 8.533 GC heap after
{Heap after GC invocations=25 (full 0):
 garbage-first heap   total 86016K, used 46860K [0x0000000080000000, 0x0000000100000000)
  region size 1024K, 2 young (2048K), 2 survivors (2048K)
 Metaspace       used 57759K, committed 58240K, reserved 1105920K
  class space    used 7624K, committed 7872K, reserved 1048576K
}
Event: 8.574 GC heap before
{Heap before GC invocations=25 (full 0):
 garbage-first heap   total 86016K, used 48908K [0x0000000080000000, 0x0000000100000000)
  region size 1024K, 4 young (4096K), 2 survivors (2048K)
 Metaspace       used 57981K, committed 58432K, reserved 1105920K
  class space    used 7655K, committed 7872K, reserved 1048576K
}
Event: 8.576 GC heap after
{Heap after GC invocations=26 (full 0):
 garbage-first heap   total 86016K, used 46827K [0x0000000080000000, 0x0000000100000000)
  region size 1024K, 1 young (1024K), 1 survivors (1024K)
 Metaspace       used 57981K, committed 58432K, reserved 1105920K
  class space    used 7655K, committed 7872K, reserved 1048576K
}
Event: 8.986 GC heap before
{Heap before GC invocations=26 (full 0):
 garbage-first heap   total 86016K, used 62187K [0x0000000080000000, 0x0000000100000000)
  region size 1024K, 16 young (16384K), 1 survivors (1024K)
 Metaspace       used 60615K, committed 61120K, reserved 1105920K
  class space    used 8041K, committed 8256K, reserved 1048576K
}
Event: 8.989 GC heap after
{Heap after GC invocations=27 (full 0):
 garbage-first heap   total 86016K, used 47664K [0x0000000080000000, 0x0000000100000000)
  region size 1024K, 2 young (2048K), 2 survivors (2048K)
 Metaspace       used 60615K, committed 61120K, reserved 1105920K
  class space    used 8041K, committed 8256K, reserved 1048576K
}
Event: 9.202 GC heap before
{Heap before GC invocations=28 (full 0):
 garbage-first heap   total 86016K, used 67120K [0x0000000080000000, 0x0000000100000000)
  region size 1024K, 18 young (18432K), 2 survivors (2048K)
 Metaspace       used 62418K, committed 62912K, reserved 1105920K
  class space    used 8257K, committed 8448K, reserved 1048576K
}
Event: 9.207 GC heap after
{Heap after GC invocations=29 (full 0):
 garbage-first heap   total 86016K, used 54487K [0x0000000080000000, 0x0000000100000000)
  region size 1024K, 3 young (3072K), 3 survivors (3072K)
 Metaspace       used 62418K, committed 62912K, reserved 1105920K
  class space    used 8257K, committed 8448K, reserved 1048576K
}
Event: 9.211 GC heap before
{Heap before GC invocations=29 (full 0):
 garbage-first heap   total 86016K, used 57559K [0x0000000080000000, 0x0000000100000000)
  region size 1024K, 4 young (4096K), 3 survivors (3072K)
 Metaspace       used 62426K, committed 62912K, reserved 1105920K
  class space    used 8257K, committed 8448K, reserved 1048576K
}
Event: 9.215 GC heap after
{Heap after GC invocations=30 (full 0):
 garbage-first heap   total 103424K, used 55275K [0x0000000080000000, 0x0000000100000000)
  region size 1024K, 1 young (1024K), 1 survivors (1024K)
 Metaspace       used 62426K, committed 62912K, reserved 1105920K
  class space    used 8257K, committed 8448K, reserved 1048576K
}
Event: 9.587 GC heap before
{Heap before GC invocations=30 (full 0):
 garbage-first heap   total 103424K, used 76779K [0x0000000080000000, 0x0000000100000000)
  region size 1024K, 22 young (22528K), 1 survivors (1024K)
 Metaspace       used 64661K, committed 65152K, reserved 1114112K
  class space    used 8542K, committed 8704K, reserved 1048576K
}
Event: 9.590 GC heap after
{Heap after GC invocations=31 (full 0):
 garbage-first heap   total 103424K, used 56618K [0x0000000080000000, 0x0000000100000000)
  region size 1024K, 2 young (2048K), 2 survivors (2048K)
 Metaspace       used 64661K, committed 65152K, reserved 1114112K
  class space    used 8542K, committed 8704K, reserved 1048576K
}

