# JRE version: OpenJDK Runtime Environment (17.0.6) (build 17.0.6+0-b2043.56-9586694)
# Java VM: OpenJDK 64-Bit Server VM (17.0.6+0-b2043.56-9586694, mixed mode, tiered, compressed oops, compressed class ptrs, g1 gc, windows-amd64)
GC Precious Log:
 CPUs: 8 total, 8 available
 Memory: 7894M
 Large Page Support: Disabled
 NUMA Support: Disabled
 Compressed Oops: Enabled (32-bit)
 Heap Region Size: 1M
 Heap Min Capacity: 8M
 Heap Initial Capacity: 124M
 Heap Max Capacity: 2G
 Pre-touch: Disabled
 Parallel Workers: 8
 Concurrent Workers: 2
 Concurrent Refinement Workers: 8
 Periodic GC: Disabled
Heap:
 garbage-first heap   total 177152K, used 128651K [0x0000000080000000, 0x0000000100000000)
  region size 1024K, 4 young (4096K), 4 survivors (4096K)
 Metaspace       used 94963K, committed 95616K, reserved 1138688K
  class space    used 12971K, committed 13248K, reserved 1048576K
GC Heap History (20 events):
Event: 11.902 GC heap after
{Heap after GC invocations=33 (full 0):
 garbage-first heap   total 116736K, used 69352K [0x0000000080000000, 0x0000000100000000)
  region size 1024K, 5 young (5120K), 5 survivors (5120K)
 Metaspace       used 81666K, committed 82304K, reserved 1122304K
  class space    used 11109K, committed 11392K, reserved 1048576K
}
Event: 12.218 GC heap before
{Heap before GC invocations=34 (full 0):
 garbage-first heap   total 130048K, used 92904K [0x0000000080000000, 0x0000000100000000)
  region size 1024K, 28 young (28672K), 5 survivors (5120K)
 Metaspace       used 82617K, committed 83200K, reserved 1122304K
  class space    used 11303K, committed 11584K, reserved 1048576K
}
Event: 12.224 GC heap after
{Heap after GC invocations=35 (full 0):
 garbage-first heap   total 130048K, used 72741K [0x0000000080000000, 0x0000000100000000)
  region size 1024K, 4 young (4096K), 4 survivors (4096K)
 Metaspace       used 82617K, committed 83200K, reserved 1122304K
  class space    used 11303K, committed 11584K, reserved 1048576K
}
Event: 12.638 GC heap before
{Heap before GC invocations=35 (full 0):
 garbage-first heap   total 130048K, used 103461K [0x0000000080000000, 0x0000000100000000)
  region size 1024K, 35 young (35840K), 4 survivors (4096K)
 Metaspace       used 84209K, committed 84800K, reserved 1130496K
  class space    used 11625K, committed 11904K, reserved 1048576K
}
Event: 12.643 GC heap after
{Heap after GC invocations=36 (full 0):
 garbage-first heap   total 130048K, used 75758K [0x0000000080000000, 0x0000000100000000)
  region size 1024K, 3 young (3072K), 3 survivors (3072K)
 Metaspace       used 84209K, committed 84800K, reserved 1130496K
  class space    used 11625K, committed 11904K, reserved 1048576K
}
Event: 12.997 GC heap before
{Heap before GC invocations=37 (full 0):
 garbage-first heap   total 138240K, used 103406K [0x0000000080000000, 0x0000000100000000)
  region size 1024K, 31 young (31744K), 3 survivors (3072K)
 Metaspace       used 84451K, committed 85056K, reserved 1130496K
  class space    used 11633K, committed 11904K, reserved 1048576K
}
Event: 13.001 GC heap after
{Heap after GC invocations=38 (full 0):
 garbage-first heap   total 138240K, used 77959K [0x0000000080000000, 0x0000000100000000)
  region size 1024K, 3 young (3072K), 3 survivors (3072K)
 Metaspace       used 84451K, committed 85056K, reserved 1130496K
  class space    used 11633K, committed 11904K, reserved 1048576K
}
Event: 13.374 GC heap before
{Heap before GC invocations=38 (full 0):
 garbage-first heap   total 138240K, used 111751K [0x0000000080000000, 0x0000000100000000)
  region size 1024K, 37 young (37888K), 3 survivors (3072K)
 Metaspace       used 85045K, committed 85632K, reserved 1130496K
  class space    used 11693K, committed 11968K, reserved 1048576K
}
Event: 13.379 GC heap after
{Heap after GC invocations=39 (full 0):
 garbage-first heap   total 165888K, used 80212K [0x0000000080000000, 0x0000000100000000)
  region size 1024K, 5 young (5120K), 5 survivors (5120K)
 Metaspace       used 85045K, committed 85632K, reserved 1130496K
  class space    used 11693K, committed 11968K, reserved 1048576K
}
Event: 13.962 GC heap before
{Heap before GC invocations=40 (full 0):
 garbage-first heap   total 165888K, used 133460K [0x0000000080000000, 0x0000000100000000)
  region size 1024K, 58 young (59392K), 5 survivors (5120K)
 Metaspace       used 87941K, committed 88576K, reserved 1130496K
  class space    used 12016K, committed 12288K, reserved 1048576K
}
Event: 13.968 GC heap after
{Heap after GC invocations=41 (full 0):
 garbage-first heap   total 165888K, used 83915K [0x0000000080000000, 0x0000000100000000)
  region size 1024K, 7 young (7168K), 7 survivors (7168K)
 Metaspace       used 87941K, committed 88576K, reserved 1130496K
  class space    used 12016K, committed 12288K, reserved 1048576K
}
Event: 13.974 GC heap before
{Heap before GC invocations=41 (full 0):
 garbage-first heap   total 165888K, used 84939K [0x0000000080000000, 0x0000000100000000)
  region size 1024K, 8 young (8192K), 7 survivors (7168K)
 Metaspace       used 87980K, committed 88640K, reserved 1130496K
  class space    used 12022K, committed 12288K, reserved 1048576K
}
Event: 13.979 GC heap after
{Heap after GC invocations=42 (full 0):
 garbage-first heap   total 165888K, used 84009K [0x0000000080000000, 0x0000000100000000)
  region size 1024K, 1 young (1024K), 1 survivors (1024K)
 Metaspace       used 87980K, committed 88640K, reserved 1130496K
  class space    used 12022K, committed 12288K, reserved 1048576K
}
Event: 14.167 GC heap before
{Heap before GC invocations=42 (full 0):
 garbage-first heap   total 165888K, used 108585K [0x0000000080000000, 0x0000000100000000)
  region size 1024K, 27 young (27648K), 1 survivors (1024K)
 Metaspace       used 89337K, committed 89984K, reserved 1130496K
  class space    used 12187K, committed 12480K, reserved 1048576K
}
Event: 14.170 GC heap after
{Heap after GC invocations=43 (full 0):
 garbage-first heap   total 165888K, used 84416K [0x0000000080000000, 0x0000000100000000)
  region size 1024K, 2 young (2048K), 2 survivors (2048K)
 Metaspace       used 89337K, committed 89984K, reserved 1130496K
  class space    used 12187K, committed 12480K, reserved 1048576K
}
Event: 14.583 GC heap before
{Heap before GC invocations=44 (full 0):
 garbage-first heap   total 174080K, used 162240K [0x0000000080000000, 0x0000000100000000)
  region size 1024K, 44 young (45056K), 2 survivors (2048K)
 Metaspace       used 94408K, committed 95040K, reserved 1138688K
  class space    used 12896K, committed 13184K, reserved 1048576K
}
Event: 14.588 GC heap after
{Heap after GC invocations=45 (full 0):
 garbage-first heap   total 177152K, used 120219K [0x0000000080000000, 0x0000000100000000)
  region size 1024K, 7 young (7168K), 7 survivors (7168K)
 Metaspace       used 94408K, committed 95040K, reserved 1138688K
  class space    used 12896K, committed 13184K, reserved 1048576K
}
Event: 14.590 GC heap before
{Heap before GC invocations=45 (full 0):
 garbage-first heap   total 177152K, used 123291K [0x0000000080000000, 0x0000000100000000)
  region size 1024K, 8 young (8192K), 7 survivors (7168K)
 Metaspace       used 94417K, committed 95040K, reserved 1138688K
  class space    used 12897K, committed 13184K, reserved 1048576K
}
Event: 14.598 GC heap after
{Heap after GC invocations=46 (full 0):
 garbage-first heap   total 177152K, used 117346K [0x0000000080000000, 0x0000000100000000)
  region size 1024K, 1 young (1024K), 1 survivors (1024K)
 Metaspace       used 94417K, committed 95040K, reserved 1138688K
  class space    used 12897K, committed 13184K, reserved 1048576K
}
Event: 15.087 GC heap before
{Heap before GC invocations=46 (full 0):
 garbage-first heap   total 177152K, used 147042K [0x0000000080000000, 0x0000000100000000)
  region size 1024K, 30 young (30720K), 1 survivors (1024K)
 Metaspace       used 94963K, committed 95616K, reserved 1138688K
  class space    used 12971K, committed 13248K, reserved 1048576K
}

