# JRE version: OpenJDK Runtime Environment (17.0.6) (build 17.0.6+0-b2043.56-9586694)
# Java VM: OpenJDK 64-Bit Server VM (17.0.6+0-b2043.56-9586694, mixed mode, tiered, compressed oops, compressed class ptrs, g1 gc, windows-amd64)
GC Precious Log:
 CPUs: 8 total, 8 available
 Memory: 7894M
 Large Page Support: Disabled
 NUMA Support: Disabled
 Compressed Oops: Enabled (32-bit)
 Heap Region Size: 1M
 Heap Min Capacity: 8M
 Heap Initial Capacity: 124M
 Heap Max Capacity: 2G
 Pre-touch: Disabled
 Parallel Workers: 8
 Concurrent Workers: 2
 Concurrent Refinement Workers: 8
 Periodic GC: Disabled
Heap:
 garbage-first heap   total 301056K, used 188066K [0x0000000080000000, 0x0000000100000000)
  region size 1024K, 2 young (2048K), 2 survivors (2048K)
 Metaspace       used 101114K, committed 101760K, reserved 1138688K
  class space    used 14028K, committed 14336K, reserved 1048576K
GC Heap History (20 events):
Event: 17.668 GC heap after
{Heap after GC invocations=43 (full 0):
 garbage-first heap   total 119808K, used 71936K [0x0000000080000000, 0x0000000100000000)
  region size 1024K, 5 young (5120K), 5 survivors (5120K)
 Metaspace       used 81877K, committed 82432K, reserved 1122304K
  class space    used 11144K, committed 11392K, reserved 1048576K
}
Event: 18.106 GC heap before
{Heap before GC invocations=43 (full 0):
 garbage-first heap   total 119808K, used 96512K [0x0000000080000000, 0x0000000100000000)
  region size 1024K, 30 young (30720K), 5 survivors (5120K)
 Metaspace       used 84203K, committed 84800K, reserved 1130496K
  class space    used 11630K, committed 11904K, reserved 1048576K
}
Event: 18.114 GC heap after
{Heap after GC invocations=44 (full 0):
 garbage-first heap   total 119808K, used 75076K [0x0000000080000000, 0x0000000100000000)
  region size 1024K, 3 young (3072K), 3 survivors (3072K)
 Metaspace       used 84203K, committed 84800K, reserved 1130496K
  class space    used 11630K, committed 11904K, reserved 1048576K
}
Event: 18.378 GC heap before
{Heap before GC invocations=45 (full 0):
 garbage-first heap   total 137216K, used 97604K [0x0000000080000000, 0x0000000100000000)
  region size 1024K, 26 young (26624K), 3 survivors (3072K)
 Metaspace       used 84328K, committed 84928K, reserved 1130496K
  class space    used 11631K, committed 11904K, reserved 1048576K
}
Event: 18.383 GC heap after
{Heap after GC invocations=46 (full 0):
 garbage-first heap   total 137216K, used 76490K [0x0000000080000000, 0x0000000100000000)
  region size 1024K, 2 young (2048K), 2 survivors (2048K)
 Metaspace       used 84328K, committed 84928K, reserved 1130496K
  class space    used 11631K, committed 11904K, reserved 1048576K
}
Event: 18.419 GC heap before
{Heap before GC invocations=46 (full 0):
 garbage-first heap   total 137216K, used 79562K [0x0000000080000000, 0x0000000100000000)
  region size 1024K, 6 young (6144K), 2 survivors (2048K)
 Metaspace       used 84361K, committed 84992K, reserved 1130496K
  class space    used 11633K, committed 11904K, reserved 1048576K
}
Event: 18.422 GC heap after
{Heap after GC invocations=47 (full 0):
 garbage-first heap   total 223232K, used 76530K [0x0000000080000000, 0x0000000100000000)
  region size 1024K, 1 young (1024K), 1 survivors (1024K)
 Metaspace       used 84361K, committed 84992K, reserved 1130496K
  class space    used 11633K, committed 11904K, reserved 1048576K
}
Event: 19.587 GC heap before
{Heap before GC invocations=47 (full 0):
 garbage-first heap   total 223232K, used 172786K [0x0000000080000000, 0x0000000100000000)
  region size 1024K, 96 young (98304K), 1 survivors (1024K)
 Metaspace       used 87209K, committed 87808K, reserved 1130496K
  class space    used 11905K, committed 12160K, reserved 1048576K
}
Event: 19.594 GC heap after
{Heap after GC invocations=48 (full 0):
 garbage-first heap   total 223232K, used 83218K [0x0000000080000000, 0x0000000100000000)
  region size 1024K, 7 young (7168K), 7 survivors (7168K)
 Metaspace       used 87209K, committed 87808K, reserved 1130496K
  class space    used 11905K, committed 12160K, reserved 1048576K
}
Event: 20.145 GC heap before
{Heap before GC invocations=48 (full 0):
 garbage-first heap   total 223232K, used 170258K [0x0000000080000000, 0x0000000100000000)
  region size 1024K, 69 young (70656K), 7 survivors (7168K)
 Metaspace       used 93723K, committed 94336K, reserved 1130496K
  class space    used 12803K, committed 13056K, reserved 1048576K
}
Event: 20.155 GC heap after
{Heap after GC invocations=49 (full 0):
 garbage-first heap   total 223232K, used 109753K [0x0000000080000000, 0x0000000100000000)
  region size 1024K, 9 young (9216K), 9 survivors (9216K)
 Metaspace       used 93723K, committed 94336K, reserved 1130496K
  class space    used 12803K, committed 13056K, reserved 1048576K
}
Event: 20.760 GC heap before
{Heap before GC invocations=49 (full 0):
 garbage-first heap   total 223232K, used 193721K [0x0000000080000000, 0x0000000100000000)
  region size 1024K, 76 young (77824K), 9 survivors (9216K)
 Metaspace       used 97433K, committed 98112K, reserved 1138688K
  class space    used 13526K, committed 13824K, reserved 1048576K
}
Event: 20.781 GC heap after
{Heap after GC invocations=50 (full 0):
 garbage-first heap   total 224256K, used 136518K [0x0000000080000000, 0x0000000100000000)
  region size 1024K, 10 young (10240K), 10 survivors (10240K)
 Metaspace       used 97433K, committed 98112K, reserved 1138688K
  class space    used 13526K, committed 13824K, reserved 1048576K
}
Event: 20.990 GC heap before
{Heap before GC invocations=50 (full 0):
 garbage-first heap   total 224256K, used 178502K [0x0000000080000000, 0x0000000100000000)
  region size 1024K, 51 young (52224K), 10 survivors (10240K)
 Metaspace       used 97672K, committed 98432K, reserved 1138688K
  class space    used 13528K, committed 13888K, reserved 1048576K
}
Event: 21.017 GC heap after
{Heap after GC invocations=51 (full 0):
 garbage-first heap   total 224256K, used 157696K [0x0000000080000000, 0x0000000100000000)
  region size 1024K, 7 young (7168K), 7 survivors (7168K)
 Metaspace       used 97672K, committed 98432K, reserved 1138688K
  class space    used 13528K, committed 13888K, reserved 1048576K
}
Event: 21.171 GC heap before
{Heap before GC invocations=51 (full 0):
 garbage-first heap   total 301056K, used 181248K [0x0000000080000000, 0x0000000100000000)
  region size 1024K, 30 young (30720K), 7 survivors (7168K)
 Metaspace       used 97720K, committed 98432K, reserved 1138688K
  class space    used 13523K, committed 13888K, reserved 1048576K
}
Event: 21.189 GC heap after
{Heap after GC invocations=52 (full 0):
 garbage-first heap   total 301056K, used 171008K [0x0000000080000000, 0x0000000100000000)
  region size 1024K, 4 young (4096K), 4 survivors (4096K)
 Metaspace       used 97720K, committed 98432K, reserved 1138688K
  class space    used 13523K, committed 13888K, reserved 1048576K
}
Event: 21.881 GC heap before
{Heap before GC invocations=53 (full 0):
 garbage-first heap   total 301056K, used 223232K [0x0000000080000000, 0x0000000100000000)
  region size 1024K, 56 young (57344K), 4 survivors (4096K)
 Metaspace       used 101114K, committed 101760K, reserved 1138688K
  class space    used 14028K, committed 14336K, reserved 1048576K
}
Event: 21.900 GC heap after
{Heap after GC invocations=54 (full 0):
 garbage-first heap   total 301056K, used 185739K [0x0000000080000000, 0x0000000100000000)
  region size 1024K, 7 young (7168K), 7 survivors (7168K)
 Metaspace       used 101114K, committed 101760K, reserved 1138688K
  class space    used 14028K, committed 14336K, reserved 1048576K
}
Event: 21.949 GC heap before
{Heap before GC invocations=54 (full 0):
 garbage-first heap   total 301056K, used 192907K [0x0000000080000000, 0x0000000100000000)
  region size 1024K, 14 young (14336K), 7 survivors (7168K)
 Metaspace       used 101114K, committed 101760K, reserved 1138688K
  class space    used 14028K, committed 14336K, reserved 1048576K
}

