# JRE version: OpenJDK Runtime Environment (17.0.6) (build 17.0.6+0-b2043.56-9586694)
# Java VM: OpenJDK 64-Bit Server VM (17.0.6+0-b2043.56-9586694, mixed mode, tiered, compressed oops, compressed class ptrs, g1 gc, windows-amd64)
GC Precious Log:
 CPUs: 8 total, 8 available
 Memory: 7894M
 Large Page Support: Disabled
 NUMA Support: Disabled
 Compressed Oops: Enabled (32-bit)
 Heap Region Size: 1M
 Heap Min Capacity: 8M
 Heap Initial Capacity: 124M
 Heap Max Capacity: 2G
 Pre-touch: Disabled
 Parallel Workers: 8
 Concurrent Workers: 2
 Concurrent Refinement Workers: 8
 Periodic GC: Disabled
Heap:
 garbage-first heap   total 138240K, used 81165K [0x0000000080000000, 0x0000000100000000)
  region size 1024K, 3 young (3072K), 3 survivors (3072K)
 Metaspace       used 86297K, committed 86912K, reserved 1130496K
  class space    used 11754K, committed 12032K, reserved 1048576K
GC Heap History (20 events):
Event: 13.075 GC heap after
{Heap after GC invocations=31 (full 0):
 garbage-first heap   total 138240K, used 52865K [0x0000000080000000, 0x0000000100000000)
  region size 1024K, 3 young (3072K), 3 survivors (3072K)
 Metaspace       used 65558K, committed 66112K, reserved 1114112K
  class space    used 8641K, committed 8896K, reserved 1048576K
}
Event: 13.760 GC heap before
{Heap before GC invocations=32 (full 0):
 garbage-first heap   total 138240K, used 97921K [0x0000000080000000, 0x0000000100000000)
  region size 1024K, 46 young (47104K), 3 survivors (3072K)
 Metaspace       used 67625K, committed 68224K, reserved 1114112K
  class space    used 8925K, committed 9216K, reserved 1048576K
}
Event: 13.765 GC heap after
{Heap after GC invocations=33 (full 0):
 garbage-first heap   total 138240K, used 55823K [0x0000000080000000, 0x0000000100000000)
  region size 1024K, 6 young (6144K), 6 survivors (6144K)
 Metaspace       used 67625K, committed 68224K, reserved 1114112K
  class space    used 8925K, committed 9216K, reserved 1048576K
}
Event: 13.776 GC heap before
{Heap before GC invocations=33 (full 0):
 garbage-first heap   total 138240K, used 56847K [0x0000000080000000, 0x0000000100000000)
  region size 1024K, 7 young (7168K), 6 survivors (6144K)
 Metaspace       used 67625K, committed 68224K, reserved 1114112K
  class space    used 8925K, committed 9216K, reserved 1048576K
}
Event: 13.781 GC heap after
{Heap after GC invocations=34 (full 0):
 garbage-first heap   total 138240K, used 55521K [0x0000000080000000, 0x0000000100000000)
  region size 1024K, 1 young (1024K), 1 survivors (1024K)
 Metaspace       used 67625K, committed 68224K, reserved 1114112K
  class space    used 8925K, committed 9216K, reserved 1048576K
}
Event: 15.119 GC heap before
{Heap before GC invocations=34 (full 0):
 garbage-first heap   total 138240K, used 103649K [0x0000000080000000, 0x0000000100000000)
  region size 1024K, 48 young (49152K), 1 survivors (1024K)
 Metaspace       used 72875K, committed 73408K, reserved 1114112K
  class space    used 9849K, committed 10112K, reserved 1048576K
}
Event: 15.124 GC heap after
{Heap after GC invocations=35 (full 0):
 garbage-first heap   total 138240K, used 58683K [0x0000000080000000, 0x0000000100000000)
  region size 1024K, 4 young (4096K), 4 survivors (4096K)
 Metaspace       used 72875K, committed 73408K, reserved 1114112K
  class space    used 9849K, committed 10112K, reserved 1048576K
}
Event: 16.325 GC heap before
{Heap before GC invocations=36 (full 0):
 garbage-first heap   total 138240K, used 104763K [0x0000000080000000, 0x0000000100000000)
  region size 1024K, 49 young (50176K), 4 survivors (4096K)
 Metaspace       used 77625K, committed 78208K, reserved 1122304K
  class space    used 10564K, committed 10816K, reserved 1048576K
}
Event: 16.332 GC heap after
{Heap after GC invocations=37 (full 0):
 garbage-first heap   total 138240K, used 61974K [0x0000000080000000, 0x0000000100000000)
  region size 1024K, 7 young (7168K), 7 survivors (7168K)
 Metaspace       used 77625K, committed 78208K, reserved 1122304K
  class space    used 10564K, committed 10816K, reserved 1048576K
}
Event: 17.298 GC heap before
{Heap before GC invocations=37 (full 0):
 garbage-first heap   total 138240K, used 107030K [0x0000000080000000, 0x0000000100000000)
  region size 1024K, 51 young (52224K), 7 survivors (7168K)
 Metaspace       used 81697K, committed 82240K, reserved 1122304K
  class space    used 11121K, committed 11392K, reserved 1048576K
}
Event: 17.306 GC heap after
{Heap after GC invocations=38 (full 0):
 garbage-first heap   total 138240K, used 66188K [0x0000000080000000, 0x0000000100000000)
  region size 1024K, 7 young (7168K), 7 survivors (7168K)
 Metaspace       used 81697K, committed 82240K, reserved 1122304K
  class space    used 11121K, committed 11392K, reserved 1048576K
}
Event: 17.869 GC heap before
{Heap before GC invocations=39 (full 0):
 garbage-first heap   total 138240K, used 109196K [0x0000000080000000, 0x0000000100000000)
  region size 1024K, 49 young (50176K), 7 survivors (7168K)
 Metaspace       used 83082K, committed 83712K, reserved 1122304K
  class space    used 11407K, committed 11712K, reserved 1048576K
}
Event: 17.881 GC heap after
{Heap after GC invocations=40 (full 0):
 garbage-first heap   total 138240K, used 73037K [0x0000000080000000, 0x0000000100000000)
  region size 1024K, 7 young (7168K), 7 survivors (7168K)
 Metaspace       used 83082K, committed 83712K, reserved 1122304K
  class space    used 11407K, committed 11712K, reserved 1048576K
}
Event: 18.680 GC heap before
{Heap before GC invocations=40 (full 0):
 garbage-first heap   total 138240K, used 108877K [0x0000000080000000, 0x0000000100000000)
  region size 1024K, 43 young (44032K), 7 survivors (7168K)
 Metaspace       used 84145K, committed 84800K, reserved 1130496K
  class space    used 11574K, committed 11840K, reserved 1048576K
}
Event: 18.688 GC heap after
{Heap after GC invocations=41 (full 0):
 garbage-first heap   total 138240K, used 76707K [0x0000000080000000, 0x0000000100000000)
  region size 1024K, 4 young (4096K), 4 survivors (4096K)
 Metaspace       used 84145K, committed 84800K, reserved 1130496K
  class space    used 11574K, committed 11840K, reserved 1048576K
}
Event: 19.333 GC heap before
{Heap before GC invocations=42 (full 0):
 garbage-first heap   total 138240K, used 109475K [0x0000000080000000, 0x0000000100000000)
  region size 1024K, 37 young (37888K), 4 survivors (4096K)
 Metaspace       used 84641K, committed 85312K, reserved 1130496K
  class space    used 11611K, committed 11904K, reserved 1048576K
}
Event: 19.339 GC heap after
{Heap after GC invocations=43 (full 0):
 garbage-first heap   total 138240K, used 79038K [0x0000000080000000, 0x0000000100000000)
  region size 1024K, 3 young (3072K), 3 survivors (3072K)
 Metaspace       used 84641K, committed 85312K, reserved 1130496K
  class space    used 11611K, committed 11904K, reserved 1048576K
}
Event: 19.386 GC heap before
{Heap before GC invocations=43 (full 0):
 garbage-first heap   total 138240K, used 82110K [0x0000000080000000, 0x0000000100000000)
  region size 1024K, 6 young (6144K), 3 survivors (3072K)
 Metaspace       used 84687K, committed 85312K, reserved 1130496K
  class space    used 11612K, committed 11904K, reserved 1048576K
}
Event: 19.391 GC heap after
{Heap after GC invocations=44 (full 0):
 garbage-first heap   total 138240K, used 78940K [0x0000000080000000, 0x0000000100000000)
  region size 1024K, 1 young (1024K), 1 survivors (1024K)
 Metaspace       used 84687K, committed 85312K, reserved 1130496K
  class space    used 11612K, committed 11904K, reserved 1048576K
}
Event: 19.935 GC heap before
{Heap before GC invocations=44 (full 0):
 garbage-first heap   total 138240K, used 111708K [0x0000000080000000, 0x0000000100000000)
  region size 1024K, 34 young (34816K), 1 survivors (1024K)
 Metaspace       used 86297K, committed 86912K, reserved 1130496K
  class space    used 11754K, committed 12032K, reserved 1048576K
}

