# JRE version: OpenJDK Runtime Environment (17.0.6) (build 17.0.6+0-b2043.56-9586694)
# Java VM: OpenJDK 64-Bit Server VM (17.0.6+0-b2043.56-9586694, mixed mode, tiered, compressed oops, compressed class ptrs, g1 gc, windows-amd64)
GC Precious Log:
 CPUs: 8 total, 8 available
 Memory: 7894M
 Large Page Support: Disabled
 NUMA Support: Disabled
 Compressed Oops: Enabled (32-bit)
 Heap Region Size: 1M
 Heap Min Capacity: 8M
 Heap Initial Capacity: 124M
 Heap Max Capacity: 2G
 Pre-touch: Disabled
 Parallel Workers: 8
 Concurrent Workers: 2
 Concurrent Refinement Workers: 8
 Periodic GC: Disabled
Heap:
 garbage-first heap   total 434176K, used 270673K [0x0000000080000000, 0x0000000100000000)
  region size 1024K, 14 young (14336K), 14 survivors (14336K)
 Metaspace       used 136242K, committed 137024K, reserved 1171456K
  class space    used 18143K, committed 18496K, reserved 1048576K
GC Heap History (20 events):
Event: 4304.783 GC heap after
{Heap after GC invocations=54 (full 0):
 garbage-first heap   total 345088K, used 222710K [0x0000000080000000, 0x0000000100000000)
  region size 1024K, 9 young (9216K), 9 survivors (9216K)
 Metaspace       used 117445K, committed 118464K, reserved 1155072K
  class space    used 15635K, committed 16192K, reserved 1048576K
}
Event: 4305.037 GC heap before
{Heap before GC invocations=54 (full 0):
 garbage-first heap   total 345088K, used 238070K [0x0000000080000000, 0x0000000100000000)
  region size 1024K, 16 young (16384K), 9 survivors (9216K)
 Metaspace       used 117554K, committed 118528K, reserved 1155072K
  class space    used 15647K, committed 16192K, reserved 1048576K
}
Event: 4305.056 GC heap after
{Heap after GC invocations=55 (full 0):
 garbage-first heap   total 345088K, used 223599K [0x0000000080000000, 0x0000000100000000)
  region size 1024K, 2 young (2048K), 2 survivors (2048K)
 Metaspace       used 117554K, committed 118528K, reserved 1155072K
  class space    used 15647K, committed 16192K, reserved 1048576K
}
Event: 4306.129 GC heap before
{Heap before GC invocations=55 (full 0):
 garbage-first heap   total 345088K, used 295279K [0x0000000080000000, 0x0000000100000000)
  region size 1024K, 57 young (58368K), 2 survivors (2048K)
 Metaspace       used 118665K, committed 119616K, reserved 1155072K
  class space    used 15734K, committed 16192K, reserved 1048576K
}
Event: 4306.141 GC heap after
{Heap after GC invocations=56 (full 0):
 garbage-first heap   total 345088K, used 229616K [0x0000000080000000, 0x0000000100000000)
  region size 1024K, 8 young (8192K), 8 survivors (8192K)
 Metaspace       used 118665K, committed 119616K, reserved 1155072K
  class space    used 15734K, committed 16192K, reserved 1048576K
}
Event: 4306.678 GC heap before
{Heap before GC invocations=56 (full 0):
 garbage-first heap   total 345088K, used 281840K [0x0000000080000000, 0x0000000100000000)
  region size 1024K, 60 young (61440K), 8 survivors (8192K)
 Metaspace       used 121236K, committed 122112K, reserved 1155072K
  class space    used 15957K, committed 16384K, reserved 1048576K
}
Event: 4306.691 GC heap after
{Heap after GC invocations=57 (full 0):
 garbage-first heap   total 345088K, used 233731K [0x0000000080000000, 0x0000000100000000)
  region size 1024K, 5 young (5120K), 5 survivors (5120K)
 Metaspace       used 121236K, committed 122112K, reserved 1155072K
  class space    used 15957K, committed 16384K, reserved 1048576K
}
Event: 4307.138 GC heap before
{Heap before GC invocations=57 (full 0):
 garbage-first heap   total 345088K, used 285955K [0x0000000080000000, 0x0000000100000000)
  region size 1024K, 56 young (57344K), 5 survivors (5120K)
 Metaspace       used 122604K, committed 123456K, reserved 1163264K
  class space    used 16093K, committed 16512K, reserved 1048576K
}
Event: 4307.143 GC heap after
{Heap after GC invocations=58 (full 0):
 garbage-first heap   total 345088K, used 232108K [0x0000000080000000, 0x0000000100000000)
  region size 1024K, 2 young (2048K), 2 survivors (2048K)
 Metaspace       used 122604K, committed 123456K, reserved 1163264K
  class space    used 16093K, committed 16512K, reserved 1048576K
}
Event: 4308.289 GC heap before
{Heap before GC invocations=58 (full 0):
 garbage-first heap   total 345088K, used 288428K [0x0000000080000000, 0x0000000100000000)
  region size 1024K, 58 young (59392K), 2 survivors (2048K)
 Metaspace       used 127440K, committed 128256K, reserved 1163264K
  class space    used 16750K, committed 17152K, reserved 1048576K
}
Event: 4308.295 GC heap after
{Heap after GC invocations=59 (full 0):
 garbage-first heap   total 345088K, used 233700K [0x0000000080000000, 0x0000000100000000)
  region size 1024K, 4 young (4096K), 4 survivors (4096K)
 Metaspace       used 127440K, committed 128256K, reserved 1163264K
  class space    used 16750K, committed 17152K, reserved 1048576K
}
Event: 4308.927 GC heap before
{Heap before GC invocations=59 (full 0):
 garbage-first heap   total 345088K, used 290020K [0x0000000080000000, 0x0000000100000000)
  region size 1024K, 60 young (61440K), 4 survivors (4096K)
 Metaspace       used 128995K, committed 129920K, reserved 1163264K
  class space    used 16951K, committed 17408K, reserved 1048576K
}
Event: 4308.938 GC heap after
{Heap after GC invocations=60 (full 0):
 garbage-first heap   total 345088K, used 238185K [0x0000000080000000, 0x0000000100000000)
  region size 1024K, 8 young (8192K), 8 survivors (8192K)
 Metaspace       used 128995K, committed 129920K, reserved 1163264K
  class space    used 16951K, committed 17408K, reserved 1048576K
}
Event: 4309.215 GC heap before
{Heap before GC invocations=60 (full 0):
 garbage-first heap   total 345088K, used 269929K [0x0000000080000000, 0x0000000100000000)
  region size 1024K, 38 young (38912K), 8 survivors (8192K)
 Metaspace       used 129465K, committed 130304K, reserved 1163264K
  class space    used 17016K, committed 17408K, reserved 1048576K
}
Event: 4309.229 GC heap after
{Heap after GC invocations=61 (full 0):
 garbage-first heap   total 345088K, used 244046K [0x0000000080000000, 0x0000000100000000)
  region size 1024K, 3 young (3072K), 3 survivors (3072K)
 Metaspace       used 129465K, committed 130304K, reserved 1163264K
  class space    used 17016K, committed 17408K, reserved 1048576K
}
Event: 4309.740 GC heap before
{Heap before GC invocations=62 (full 0):
 garbage-first heap   total 434176K, used 296270K [0x0000000080000000, 0x0000000100000000)
  region size 1024K, 53 young (54272K), 3 survivors (3072K)
 Metaspace       used 131402K, committed 132160K, reserved 1163264K
  class space    used 17287K, committed 17664K, reserved 1048576K
}
Event: 4309.852 GC heap after
{Heap after GC invocations=63 (full 0):
 garbage-first heap   total 434176K, used 253951K [0x0000000080000000, 0x0000000100000000)
  region size 1024K, 7 young (7168K), 7 survivors (7168K)
 Metaspace       used 131402K, committed 132160K, reserved 1163264K
  class space    used 17287K, committed 17664K, reserved 1048576K
}
Event: 4309.918 GC heap before
{Heap before GC invocations=63 (full 0):
 garbage-first heap   total 434176K, used 267263K [0x0000000080000000, 0x0000000100000000)
  region size 1024K, 21 young (21504K), 7 survivors (7168K)
 Metaspace       used 132097K, committed 132864K, reserved 1171456K
  class space    used 17372K, committed 17728K, reserved 1048576K
}
Event: 4309.945 GC heap after
{Heap after GC invocations=64 (full 0):
 garbage-first heap   total 434176K, used 231687K [0x0000000080000000, 0x0000000100000000)
  region size 1024K, 2 young (2048K), 2 survivors (2048K)
 Metaspace       used 132097K, committed 132864K, reserved 1171456K
  class space    used 17372K, committed 17728K, reserved 1048576K
}
Event: 4311.045 GC heap before
{Heap before GC invocations=64 (full 0):
 garbage-first heap   total 434176K, used 370951K [0x0000000080000000, 0x0000000100000000)
  region size 1024K, 107 young (109568K), 2 survivors (2048K)
 Metaspace       used 136242K, committed 137024K, reserved 1171456K
  class space    used 18143K, committed 18496K, reserved 1048576K
}

